{"level":"info","message":"No REDIS_URI environment variable detected. Running cache in in-memory mode.","timestamp":"2026-05-31T10:23:53.518Z"}
{"level":"info","message":"Firebase Admin SDK initialized successfully ✓","timestamp":"2026-05-31T10:23:55.040Z"}
{"level":"info","message":"MongoDB connected ✓","timestamp":"2026-05-31T10:23:55.136Z"}
{"level":"info","message":"API running on http://localhost:5000","timestamp":"2026-05-31T10:23:55.139Z"}
{"level":"info","message":"No REDIS_URI environment variable detected. Running cache in in-memory mode.","timestamp":"2026-05-31T10:23:57.542Z"}
{"level":"info","message":"Firebase Admin SDK initialized successfully ✓","timestamp":"2026-05-31T10:23:59.384Z"}
{"level":"info","message":"MongoDB connected ✓","timestamp":"2026-05-31T10:23:59.471Z"}
{"level":"info","message":"API running on http://localhost:5000","timestamp":"2026-05-31T10:23:59.477Z"}
{"level":"info","message":"No REDIS_URI environment variable detected. Running cache in in-memory mode.","timestamp":"2026-05-31T10:27:18.718Z"}
{"level":"info","message":"Firebase Admin SDK initialized successfully ✓","timestamp":"2026-05-31T10:27:20.371Z"}
{"level":"info","message":"MongoDB connected ✓","timestamp":"2026-05-31T10:27:20.436Z"}
{"level":"info","message":"API running on http://localhost:5000","timestamp":"2026-05-31T10:27:20.442Z"}
{"level":"info","message":"No REDIS_URI environment variable detected. Running cache in in-memory mode.","timestamp":"2026-05-31T10:27:38.365Z"}
{"level":"info","message":"Firebase Admin SDK initialized successfully ✓","timestamp":"2026-05-31T10:27:39.485Z"}
{"level":"info","message":"MongoDB connected ✓","timestamp":"2026-05-31T10:27:39.548Z"}
{"level":"info","message":"API running on http://localhost:5000","timestamp":"2026-05-31T10:27:39.552Z"}
{"level":"warn","message":"CORS Reject: Origin \"http://localhost:5000/\" is not in allowed origins: [\"http://localhost:3000\",\"http://localhost:5173\"]","timestamp":"2026-05-31T10:29:39.810Z"}
{"level":"info","message":"No REDIS_URI environment variable detected. Running cache in in-memory mode.","timestamp":"2026-05-31T10:30:10.437Z"}
{"level":"info","message":"Firebase Admin SDK initialized successfully ✓","timestamp":"2026-05-31T10:30:11.601Z"}
{"level":"info","message":"MongoDB connected ✓","timestamp":"2026-05-31T10:30:11.674Z"}
{"level":"info","message":"API running on http://localhost:5000","timestamp":"2026-05-31T10:30:11.678Z"}
{"level":"info","message":"No REDIS_URI environment variable detected. Running cache in in-memory mode.","timestamp":"2026-05-31T10:30:37.548Z"}
{"level":"info","message":"Firebase Admin SDK initialized successfully ✓","timestamp":"2026-05-31T10:30:38.565Z"}
{"level":"info","message":"MongoDB connected ✓","timestamp":"2026-05-31T10:30:38.621Z"}
{"level":"info","message":"API running on http://localhost:5000","timestamp":"2026-05-31T10:30:38.624Z"}
{"level":"info","message":"No REDIS_URI environment variable detected. Running cache in in-memory mode.","timestamp":"2026-05-31T10:31:25.401Z"}
{"level":"info","message":"Firebase Admin SDK initialized successfully ✓","timestamp":"2026-05-31T10:31:26.519Z"}
{"level":"info","message":"MongoDB connected ✓","timestamp":"2026-05-31T10:31:26.593Z"}
{"level":"info","message":"API running on http://localhost:5000","timestamp":"2026-05-31T10:31:26.596Z"}
{"level":"info","message":"POST /api/auth/login 200 587.543 ms - 574","timestamp":"2026-05-31T10:32:28.261Z"}
{"level":"info","message":"GET /api/notifications 200 56.268 ms - 852","timestamp":"2026-05-31T10:32:28.460Z"}
{"level":"info","message":"GET /api/products 200 32.657 ms - 2445","timestamp":"2026-05-31T10:32:28.674Z"}
{"level":"info","message":"GET /api/payments 200 52.014 ms - 751","timestamp":"2026-05-31T10:32:28.679Z"}
{"level":"info","message":"GET /api/orders 200 65.205 ms - 1010","timestamp":"2026-05-31T10:32:28.684Z"}
{"level":"info","message":"GET /api/complaints 200 55.931 ms - 1974","timestamp":"2026-05-31T10:32:28.690Z"}
{"level":"info","message":"GET /api/shopkeepers 200 6.525 ms - 866","timestamp":"2026-05-31T10:32:28.762Z"}
{"level":"info","message":"GET /api/charts/sales 200 67.861 ms - 39","timestamp":"2026-05-31T10:32:28.852Z"}
{"level":"info","message":"GET /api/charts/category 200 24.880 ms - 83","timestamp":"2026-05-31T10:32:29.046Z"}
{"level":"info","message":"GET /api/complaints 304 2.033 ms - -","timestamp":"2026-05-31T10:33:20.100Z"}
{"level":"info","message":"GET /api/products 304 0.982 ms - -","timestamp":"2026-05-31T10:33:20.405Z"}
{"level":"info","message":"GET /api/orders 304 32.652 ms - -","timestamp":"2026-05-31T10:33:36.236Z"}
{"level":"info","message":"GET /api/payments 304 33.006 ms - -","timestamp":"2026-05-31T10:33:36.239Z"}
{"level":"info","message":"GET /api/complaints 304 34.097 ms - -","timestamp":"2026-05-31T10:33:36.245Z"}
{"level":"info","message":"GET /api/products 304 0.824 ms - -","timestamp":"2026-05-31T10:33:36.458Z"}
{"level":"info","message":"GET /api/shopkeepers 304 1.021 ms - -","timestamp":"2026-05-31T10:33:36.506Z"}
{"level":"info","message":"GET /api/charts/sales 304 10.727 ms - -","timestamp":"2026-05-31T10:33:36.519Z"}
{"level":"info","message":"GET /api/notifications 304 21.082 ms - -","timestamp":"2026-05-31T10:33:36.587Z"}
{"level":"info","message":"GET /api/charts/category 304 32.396 ms - -","timestamp":"2026-05-31T10:33:36.603Z"}
{"level":"info","message":"GET /api/products 304 0.864 ms - -","timestamp":"2026-05-31T10:33:40.081Z"}
{"level":"info","message":"GET /api/payments 304 0.879 ms - -","timestamp":"2026-05-31T10:33:58.990Z"}
{"level":"info","message":"GET /api/orders 304 0.894 ms - -","timestamp":"2026-05-31T10:33:59.291Z"}
{"level":"info","message":"GET /api/charts/cash 200 11.657 ms - 36","timestamp":"2026-05-31T10:34:04.121Z"}
{"level":"info","message":"GET /api/complaints 304 0.870 ms - -","timestamp":"2026-05-31T10:34:06.989Z"}
{"level":"info","message":"GET /api/products 304 0.876 ms - -","timestamp":"2026-05-31T10:34:07.298Z"}
{"level":"info","message":"GET /api/orders 304 0.618 ms - -","timestamp":"2026-05-31T10:34:15.874Z"}
{"level":"info","message":"GET /api/payments 304 1.053 ms - -","timestamp":"2026-05-31T10:34:15.877Z"}
{"level":"info","message":"GET /api/complaints 304 1.458 ms - -","timestamp":"2026-05-31T10:34:15.969Z"}
{"level":"info","message":"GET /api/products 304 1.263 ms - -","timestamp":"2026-05-31T10:34:16.128Z"}
{"level":"info","message":"GET /api/shopkeepers 304 1.254 ms - -","timestamp":"2026-05-31T10:34:16.197Z"}
{"level":"info","message":"GET /api/notifications 304 4.575 ms - -","timestamp":"2026-05-31T10:34:16.225Z"}
{"level":"info","message":"GET /api/charts/sales 304 43.899 ms - -","timestamp":"2026-05-31T10:34:16.245Z"}
{"level":"info","message":"GET /api/charts/category 304 40.928 ms - -","timestamp":"2026-05-31T10:34:16.254Z"}
{"level":"info","message":"GET /api/campaigns 200 4.727 ms - 497","timestamp":"2026-05-31T10:34:18.479Z"}
{"level":"info","message":"GET /api/shopkeepers 304 0.749 ms - -","timestamp":"2026-05-31T10:34:25.378Z"}
{"level":"info","message":"GET /api/orders 304 10.547 ms - -","timestamp":"2026-05-31T10:34:40.137Z"}
{"level":"info","message":"GET /api/payments 304 8.274 ms - -","timestamp":"2026-05-31T10:34:40.295Z"}
{"level":"info","message":"GET /api/products 304 0.837 ms - -","timestamp":"2026-05-31T10:34:40.385Z"}
{"level":"info","message":"GET /api/shopkeepers 304 10.432 ms - -","timestamp":"2026-05-31T10:34:40.397Z"}
{"level":"info","message":"GET /api/complaints 304 19.349 ms - -","timestamp":"2026-05-31T10:34:40.401Z"}
{"level":"info","message":"GET /api/charts/sales 304 10.464 ms - -","timestamp":"2026-05-31T10:34:40.439Z"}
{"level":"info","message":"GET /api/charts/category 304 9.440 ms - -","timestamp":"2026-05-31T10:34:40.457Z"}
{"level":"info","message":"GET /api/notifications 304 8.865 ms - -","timestamp":"2026-05-31T10:34:40.618Z"}
{"level":"info","message":"GET /api/reports/summary?startDate=2026-04-30&endDate=2026-05-31 200 146.915 ms - 396","timestamp":"2026-05-31T10:34:46.404Z"}
{"level":"info","message":"GET /api/users 200 5.699 ms - 1287","timestamp":"2026-05-31T10:34:48.111Z"}
{"level":"info","message":"GET /api/shopkeepers 304 0.964 ms - -","timestamp":"2026-05-31T10:34:50.341Z"}
{"level":"info","message":"GET /api/orders 304 18.896 ms - -","timestamp":"2026-05-31T10:35:52.480Z"}
{"level":"info","message":"GET /api/payments 304 8.147 ms - -","timestamp":"2026-05-31T10:35:52.655Z"}
{"level":"info","message":"GET /api/complaints 304 7.217 ms - -","timestamp":"2026-05-31T10:35:52.718Z"}
{"level":"info","message":"GET /api/products 304 0.974 ms - -","timestamp":"2026-05-31T10:35:52.772Z"}
{"level":"info","message":"GET /api/shopkeepers 304 1.016 ms - -","timestamp":"2026-05-31T10:35:52.777Z"}
{"level":"info","message":"GET /api/charts/sales 304 12.149 ms - -","timestamp":"2026-05-31T10:35:52.791Z"}
{"level":"info","message":"GET /api/charts/category 200 12.620 ms - 83","timestamp":"2026-05-31T10:35:52.811Z"}
{"level":"info","message":"GET /api/notifications 304 8.931 ms - -","timestamp":"2026-05-31T10:35:52.981Z"}
{"level":"info","message":"GET /api/complaints 304 9.210 ms - -","timestamp":"2026-05-31T10:37:01.504Z"}
{"level":"info","message":"GET /api/products 304 0.859 ms - -","timestamp":"2026-05-31T10:37:01.752Z"}
{"level":"info","message":"No REDIS_URI environment variable detected. Running cache in in-memory mode.","timestamp":"2026-05-31T10:37:39.216Z"}
{"level":"info","message":"Firebase Admin SDK initialized successfully ✓","timestamp":"2026-05-31T10:37:40.333Z"}
{"level":"info","message":"MongoDB connected ✓","timestamp":"2026-05-31T10:37:40.393Z"}
{"level":"info","message":"API running on http://localhost:5000","timestamp":"2026-05-31T10:37:40.397Z"}
{"level":"info","message":"No REDIS_URI environment variable detected. Running cache in in-memory mode.","timestamp":"2026-05-31T10:41:13.589Z"}
{"level":"info","message":"Firebase Admin SDK initialized successfully ✓","timestamp":"2026-05-31T10:41:14.630Z"}
{"level":"info","message":"MongoDB connected ✓","timestamp":"2026-05-31T10:41:14.689Z"}
{"level":"info","message":"API running on http://localhost:5000","timestamp":"2026-05-31T10:41:14.693Z"}
{"level":"info","message":"No REDIS_URI environment variable detected. Running cache in in-memory mode.","timestamp":"2026-05-31T10:41:36.044Z"}
{"level":"info","message":"Firebase Admin SDK initialized successfully ✓","timestamp":"2026-05-31T10:41:36.111Z"}
{"level":"info","message":"GET /api/orders 304 62.694 ms - -","timestamp":"2026-05-31T10:42:09.608Z"}
{"level":"info","message":"GET /api/payments 304 55.752 ms - -","timestamp":"2026-05-31T10:42:09.619Z"}
{"level":"info","message":"GET /api/complaints 200 38.505 ms - 775","timestamp":"2026-05-31T10:42:09.625Z"}
{"level":"info","message":"GET /api/products 304 7.331 ms - -","timestamp":"2026-05-31T10:42:09.816Z"}
{"level":"info","message":"GET /api/shopkeepers 304 18.110 ms - -","timestamp":"2026-05-31T10:42:09.865Z"}
{"level":"info","message":"GET /api/charts/sales 304 57.518 ms - -","timestamp":"2026-05-31T10:42:09.911Z"}
{"level":"info","message":"GET /api/notifications 304 10.093 ms - -","timestamp":"2026-05-31T10:42:09.957Z"}
{"level":"info","message":"GET /api/charts/category 304 34.642 ms - -","timestamp":"2026-05-31T10:42:09.968Z"}
{"level":"info","message":"GET /api/complaints 304 1.733 ms - -","timestamp":"2026-05-31T10:42:12.569Z"}
{"level":"info","message":"GET /api/products 304 1.334 ms - -","timestamp":"2026-05-31T10:42:12.825Z"}
{"level":"info","message":"GET /api/shopkeepers 304 0.895 ms - -","timestamp":"2026-05-31T10:42:14.849Z"}
{"level":"info","message":"GET /api/campaigns 304 8.629 ms - -","timestamp":"2026-05-31T10:42:15.957Z"}
{"level":"info","message":"GET /api/complaints 304 0.847 ms - -","timestamp":"2026-05-31T10:42:17.170Z"}
{"level":"info","message":"GET /api/products 304 0.979 ms - -","timestamp":"2026-05-31T10:42:17.173Z"}
{"level":"info","message":"GET /api/orders 304 0.755 ms - -","timestamp":"2026-05-31T10:42:19.124Z"}
{"level":"info","message":"GET /api/payments 304 1.010 ms - -","timestamp":"2026-05-31T10:42:19.438Z"}
{"level":"info","message":"GET /api/complaints 304 0.837 ms - -","timestamp":"2026-05-31T10:42:19.440Z"}
{"level":"info","message":"GET /api/products 304 0.825 ms - -","timestamp":"2026-05-31T10:42:19.442Z"}
{"level":"info","message":"GET /api/shopkeepers 304 1.053 ms - -","timestamp":"2026-05-31T10:42:19.445Z"}
{"level":"info","message":"GET /api/charts/sales 304 12.582 ms - -","timestamp":"2026-05-31T10:42:19.460Z"}
{"level":"info","message":"GET /api/charts/category 200 10.286 ms - 83","timestamp":"2026-05-31T10:42:19.462Z"}
{"ip":"127.0.0.1","level":"error","message":"Invalid email or password","method":"POST","path":"/api/auth/login","stack":"Error: Invalid email or password\n    at file:///C:/Users/abrao/OneDrive/Desktop/Web/prime-oil/server/routes/auth.js:87:13\n    at process.processTicksAndRejections (node:internal/process/task_queues:105:5)","statusCode":401,"timestamp":"2026-05-31T10:42:44.951Z"}
{"level":"info","message":"POST /api/auth/login 401 554.972 ms - 301","timestamp":"2026-05-31T10:42:44.952Z"}
{"level":"info","message":"POST /api/auth/login 200 476.643 ms - 574","timestamp":"2026-05-31T10:43:00.940Z"}
{"level":"info","message":"GET /api/orders 304 0.959 ms - -","timestamp":"2026-05-31T10:43:00.959Z"}
{"level":"info","message":"GET /api/payments 304 0.776 ms - -","timestamp":"2026-05-31T10:43:01.277Z"}
{"level":"info","message":"GET /api/complaints 304 0.902 ms - -","timestamp":"2026-05-31T10:43:01.281Z"}
{"level":"info","message":"GET /api/products 304 0.789 ms - -","timestamp":"2026-05-31T10:43:01.283Z"}
{"level":"info","message":"GET /api/shopkeepers 304 0.734 ms - -","timestamp":"2026-05-31T10:43:01.285Z"}
{"level":"info","message":"GET /api/charts/sales 304 10.136 ms - -","timestamp":"2026-05-31T10:43:01.296Z"}
{"level":"info","message":"GET /api/charts/category 304 10.707 ms - -","timestamp":"2026-05-31T10:43:01.299Z"}
{"level":"info","message":"GET /api/notifications 304 1.013 ms - -","timestamp":"2026-05-31T10:43:01.592Z"}
{"level":"info","message":"No REDIS_URI environment variable detected. Running cache in in-memory mode.","timestamp":"2026-05-31T10:43:38.954Z"}
{"level":"info","message":"Firebase Admin SDK initialized successfully ✓","timestamp":"2026-05-31T10:43:38.998Z"}
{"level":"info","message":"POST /api/auth/signup 201 482.061 ms - 621","timestamp":"2026-05-31T10:44:26.384Z"}
{"level":"info","message":"GET /api/orders 200 18.275 ms - 2","timestamp":"2026-05-31T10:44:26.422Z"}
{"level":"info","message":"GET /api/products 304 0.829 ms - -","timestamp":"2026-05-31T10:44:26.719Z"}
{"level":"info","message":"GET /api/shopkeepers 200 23.128 ms - 2","timestamp":"2026-05-31T10:44:26.744Z"}
{"level":"info","message":"GET /api/payments 200 34.891 ms - 2","timestamp":"2026-05-31T10:44:26.748Z"}
{"level":"info","message":"GET /api/complaints 200 33.646 ms - 2","timestamp":"2026-05-31T10:44:26.750Z"}
{"level":"info","message":"GET /api/charts/category 200 28.334 ms - 114","timestamp":"2026-05-31T10:44:26.769Z"}
{"level":"info","message":"GET /api/charts/sales 200 48.717 ms - 223","timestamp":"2026-05-31T10:44:26.772Z"}
{"level":"info","message":"GET /api/notifications 200 5.933 ms - 2","timestamp":"2026-05-31T10:44:27.034Z"}
{"level":"info","message":"GET /api/orders 304 0.862 ms - -","timestamp":"2026-05-31T10:44:34.087Z"}
{"level":"info","message":"GET /api/shopkeepers 304 3.995 ms - -","timestamp":"2026-05-31T10:44:34.333Z"}
{"level":"info","message":"GET /api/products 304 0.816 ms - -","timestamp":"2026-05-31T10:44:34.395Z"}
{"level":"info","message":"GET /api/orders 304 1.042 ms - -","timestamp":"2026-05-31T10:45:08.777Z"}
{"level":"info","message":"GET /api/payments 304 8.008 ms - -","timestamp":"2026-05-31T10:45:08.875Z"}
{"level":"info","message":"GET /api/products 304 0.679 ms - -","timestamp":"2026-05-31T10:45:09.019Z"}
{"level":"info","message":"GET /api/shopkeepers 304 6.268 ms - -","timestamp":"2026-05-31T10:45:09.026Z"}
{"level":"info","message":"GET /api/complaints 304 13.038 ms - -","timestamp":"2026-05-31T10:45:09.028Z"}
{"level":"info","message":"GET /api/charts/sales 304 37.556 ms - -","timestamp":"2026-05-31T10:45:09.136Z"}
{"level":"info","message":"GET /api/charts/category 304 32.605 ms - -","timestamp":"2026-05-31T10:45:09.139Z"}
{"level":"info","message":"GET /api/notifications 304 0.903 ms - -","timestamp":"2026-05-31T10:45:09.191Z"}
{"level":"info","message":"No REDIS_URI environment variable detected. Running cache in in-memory mode.","timestamp":"2026-05-31T10:45:41.664Z"}
{"level":"info","message":"Firebase Admin SDK initialized successfully ✓","timestamp":"2026-05-31T10:45:41.698Z"}
{"level":"info","message":"POST /api/auth/signup 201 466.983 ms - 620","timestamp":"2026-05-31T10:46:03.368Z"}
{"level":"info","message":"GET /api/products 304 1.111 ms - -","timestamp":"2026-05-31T10:46:03.713Z"}
{"level":"info","message":"GET /api/orders 304 21.417 ms - -","timestamp":"2026-05-31T10:46:03.722Z"}
{"level":"info","message":"GET /api/shopkeepers 304 21.575 ms - -","timestamp":"2026-05-31T10:46:03.736Z"}
{"level":"info","message":"GET /api/payments 304 48.324 ms - -","timestamp":"2026-05-31T10:46:03.751Z"}
{"level":"info","message":"GET /api/complaints 304 45.837 ms - -","timestamp":"2026-05-31T10:46:03.753Z"}
{"level":"info","message":"GET /api/charts/sales 304 37.773 ms - -","timestamp":"2026-05-31T10:46:03.756Z"}
{"level":"info","message":"GET /api/notifications 304 4.415 ms - -","timestamp":"2026-05-31T10:46:04.053Z"}
{"level":"info","message":"GET /api/charts/category 304 24.047 ms - -","timestamp":"2026-05-31T10:46:04.056Z"}
{"level":"info","message":"GET /api/products 304 0.888 ms - -","timestamp":"2026-05-31T10:46:08.189Z"}
{"level":"info","message":"GET /api/orders 304 0.693 ms - -","timestamp":"2026-05-31T10:46:17.445Z"}
{"level":"info","message":"GET /api/payments 304 5.295 ms - -","timestamp":"2026-05-31T10:46:17.615Z"}
{"level":"info","message":"GET /api/products 304 1.034 ms - -","timestamp":"2026-05-31T10:46:17.724Z"}
{"level":"info","message":"GET /api/shopkeepers 304 5.912 ms - -","timestamp":"2026-05-31T10:46:17.732Z"}
{"level":"info","message":"GET /api/complaints 304 12.452 ms - -","timestamp":"2026-05-31T10:46:17.733Z"}
{"level":"info","message":"GET /api/charts/sales 304 20.356 ms - -","timestamp":"2026-05-31T10:46:17.765Z"}
{"level":"info","message":"GET /api/charts/category 304 14.947 ms - -","timestamp":"2026-05-31T10:46:17.783Z"}
{"level":"info","message":"GET /api/notifications 304 1.010 ms - -","timestamp":"2026-05-31T10:46:17.937Z"}
{"ip":"127.0.0.1","level":"error","message":"Invalid email or password","method":"POST","path":"/api/auth/login","stack":"Error: Invalid email or password\n    at file:///C:/Users/abrao/OneDrive/Desktop/Web/prime-oil/server/routes/auth.js:87:13\n    at process.processTicksAndRejections (node:internal/process/task_queues:105:5)","statusCode":401,"timestamp":"2026-05-31T10:46:54.764Z"}
{"level":"info","message":"POST /api/auth/login 401 471.790 ms - 301","timestamp":"2026-05-31T10:46:54.765Z"}
{"level":"info","message":"POST /api/auth/login 200 471.216 ms - 580","timestamp":"2026-05-31T10:47:03.135Z"}
{"level":"info","message":"GET /api/orders 304 11.587 ms - -","timestamp":"2026-05-31T10:47:03.159Z"}
{"level":"info","message":"GET /api/products 304 1.149 ms - -","timestamp":"2026-05-31T10:47:03.465Z"}
{"level":"info","message":"GET /api/shopkeepers 304 23.289 ms - -","timestamp":"2026-05-31T10:47:03.491Z"}
{"level":"info","message":"GET /api/payments 304 37.768 ms - -","timestamp":"2026-05-31T10:47:03.496Z"}
{"level":"info","message":"GET /api/complaints 304 36.599 ms - -","timestamp":"2026-05-31T10:47:03.498Z"}
{"level":"info","message":"GET /api/charts/sales 304 35.679 ms - -","timestamp":"2026-05-31T10:47:03.507Z"}
{"level":"info","message":"GET /api/charts/category 304 27.026 ms - -","timestamp":"2026-05-31T10:47:03.509Z"}
{"level":"info","message":"GET /api/notifications 304 4.419 ms - -","timestamp":"2026-05-31T10:47:03.794Z"}
{"level":"info","message":"GET /api/orders 304 0.822 ms - -","timestamp":"2026-05-31T10:47:12.615Z"}
{"level":"info","message":"GET /api/shopkeepers 304 4.173 ms - -","timestamp":"2026-05-31T10:47:12.620Z"}
{"level":"info","message":"GET /api/products 304 5.413 ms - -","timestamp":"2026-05-31T10:47:12.864Z"}
{"level":"info","message":"No REDIS_URI environment variable detected. Running cache in in-memory mode.","timestamp":"2026-06-17T07:11:23.485Z"}
{"level":"info","message":"Firebase Admin SDK initialized successfully ✓","timestamp":"2026-06-17T07:11:23.518Z"}
{"level":"info","message":"No REDIS_URI environment variable detected. Running cache in in-memory mode.","timestamp":"2026-06-17T07:13:24.921Z"}
{"level":"info","message":"Firebase Admin SDK initialized successfully ✓","timestamp":"2026-06-17T07:13:24.945Z"}
{"level":"info","message":"No REDIS_URI environment variable detected. Running cache in in-memory mode.","timestamp":"2026-06-17T07:15:26.303Z"}
{"level":"info","message":"Firebase Admin SDK initialized successfully ✓","timestamp":"2026-06-17T07:15:26.322Z"}
{"level":"info","message":"No REDIS_URI environment variable detected. Running cache in in-memory mode.","timestamp":"2026-06-17T07:31:12.599Z"}
{"level":"info","message":"Firebase Admin SDK initialized successfully ✓","timestamp":"2026-06-17T07:31:22.852Z"}
{"level":"info","message":"MongoDB connected ✓","timestamp":"2026-06-17T07:31:23.010Z"}
{"level":"info","message":"No REDIS_URI environment variable detected. Running cache in in-memory mode.","timestamp":"2026-06-17T07:31:24.234Z"}
{"level":"info","message":"Firebase Admin SDK initialized successfully ✓","timestamp":"2026-06-17T07:31:25.926Z"}
{"level":"info","message":"MongoDB connected ✓","timestamp":"2026-06-17T07:31:26.162Z"}
{"level":"info","message":"API running on http://localhost:5000","timestamp":"2026-06-17T07:31:26.172Z"}
{"level":"info","message":"GET /api/health 200 6.184 ms - 11","timestamp":"2026-06-17T07:33:29.424Z"}
{"ip":"127.0.0.1","level":"error","message":"Unauthorized","method":"GET","path":"/api/orders","stack":"Error: Unauthorized\n    at authenticate (file:///C:/Users/abrao/OneDrive/Desktop/Web/prime-oil/server/middleware/auth.js:27:17)\n    at Layer.handle [as handle_request] (C:\\Users\\abrao\\OneDrive\\Desktop\\Web\\prime-oil\\server\\node_modules\\express\\lib\\router\\layer.js:95:5)\n    at trim_prefix (C:\\Users\\abrao\\OneDrive\\Desktop\\Web\\prime-oil\\server\\node_modules\\express\\lib\\router\\index.js:328:13)\n    at C:\\Users\\abrao\\OneDrive\\Desktop\\Web\\prime-oil\\server\\node_modules\\express\\lib\\router\\index.js:286:9\n    at Function.process_params (C:\\Users\\abrao\\OneDrive\\Desktop\\Web\\prime-oil\\server\\node_modules\\express\\lib\\router\\index.js:346:12)\n    at next (C:\\Users\\abrao\\OneDrive\\Desktop\\Web\\prime-oil\\server\\node_modules\\express\\lib\\router\\index.js:280:10)\n    at Function.handle (C:\\Users\\abrao\\OneDrive\\Desktop\\Web\\prime-oil\\server\\node_modules\\express\\lib\\router\\index.js:175:3)\n    at router (C:\\Users\\abrao\\OneDrive\\Desktop\\Web\\prime-oil\\server\\node_modules\\express\\lib\\router\\index.js:47:12)\n    at Layer.handle [as handle_request] (C:\\Users\\abrao\\OneDrive\\Desktop\\Web\\prime-oil\\server\\node_modules\\express\\lib\\router\\layer.js:95:5)\n    at trim_prefix (C:\\Users\\abrao\\OneDrive\\Desktop\\Web\\prime-oil\\server\\node_modules\\express\\lib\\router\\index.js:328:13)\n    at C:\\Users\\abrao\\OneDrive\\Desktop\\Web\\prime-oil\\server\\node_modules\\express\\lib\\router\\index.js:286:9\n    at Function.process_params (C:\\Users\\abrao\\OneDrive\\Desktop\\Web\\prime-oil\\server\\node_modules\\express\\lib\\router\\index.js:346:12)\n    at next (C:\\Users\\abrao\\OneDrive\\Desktop\\Web\\prime-oil\\server\\node_modules\\express\\lib\\router\\index.js:280:10)\n    at inventoryOrderWriteLimiter (file:///C:/Users/abrao/OneDrive/Desktop/Web/prime-oil/server/index.js:120:3)\n    at Layer.handle [as handle_request] (C:\\Users\\abrao\\OneDrive\\Desktop\\Web\\prime-oil\\server\\node_modules\\express\\lib\\router\\layer.js:95:5)\n    at trim_prefix (C:\\Users\\abrao\\OneDrive\\Desktop\\Web\\prime-oil\\server\\node_modules\\express\\lib\\router\\index.js:328:13)","statusCode":401,"timestamp":"2026-06-17T07:34:58.044Z"}
{"level":"info","message":"GET /api/orders 401 23.658 ms - 2240","timestamp":"2026-06-17T07:34:58.052Z"}
{"ip":"127.0.0.1","level":"error","message":"Unauthorized","method":"GET","path":"/api/payments","stack":"Error: Unauthorized\n    at authenticate (file:///C:/Users/abrao/OneDrive/Desktop/Web/prime-oil/server/middleware/auth.js:27:17)\n    at Layer.handle [as handle_request] (C:\\Users\\abrao\\OneDrive\\Desktop\\Web\\prime-oil\\server\\node_modules\\express\\lib\\router\\layer.js:95:5)\n    at trim_prefix (C:\\Users\\abrao\\OneDrive\\Desktop\\Web\\prime-oil\\server\\node_modules\\express\\lib\\router\\index.js:328:13)\n    at C:\\Users\\abrao\\OneDrive\\Desktop\\Web\\prime-oil\\server\\node_modules\\express\\lib\\router\\index.js:286:9\n    at Function.process_params (C:\\Users\\abrao\\OneDrive\\Desktop\\Web\\prime-oil\\server\\node_modules\\express\\lib\\router\\index.js:346:12)\n    at next (C:\\Users\\abrao\\OneDrive\\Desktop\\Web\\prime-oil\\server\\node_modules\\express\\lib\\router\\index.js:280:10)\n    at Function.handle (C:\\Users\\abrao\\OneDrive\\Desktop\\Web\\prime-oil\\server\\node_modules\\express\\lib\\router\\index.js:175:3)\n    at router (C:\\Users\\abrao\\OneDrive\\Desktop\\Web\\prime-oil\\server\\node_modules\\express\\lib\\router\\index.js:47:12)\n    at Layer.handle [as handle_request] (C:\\Users\\abrao\\OneDrive\\Desktop\\Web\\prime-oil\\server\\node_modules\\express\\lib\\router\\layer.js:95:5)\n    at trim_prefix (C:\\Users\\abrao\\OneDrive\\Desktop\\Web\\prime-oil\\server\\node_modules\\express\\lib\\router\\index.js:328:13)\n    at C:\\Users\\abrao\\OneDrive\\Desktop\\Web\\prime-oil\\server\\node_modules\\express\\lib\\router\\index.js:286:9\n    at Function.process_params (C:\\Users\\abrao\\OneDrive\\Desktop\\Web\\prime-oil\\server\\node_modules\\express\\lib\\router\\index.js:346:12)\n    at next (C:\\Users\\abrao\\OneDrive\\Desktop\\Web\\prime-oil\\server\\node_modules\\express\\lib\\router\\index.js:280:10)\n    at hpp (C:\\Users\\abrao\\OneDrive\\Desktop\\Web\\prime-oil\\server\\node_modules\\hpp\\lib\\index.js:146:9)\n    at Layer.handle [as handle_request] (C:\\Users\\abrao\\OneDrive\\Desktop\\Web\\prime-oil\\server\\node_modules\\express\\lib\\router\\layer.js:95:5)\n    at trim_prefix (C:\\Users\\abrao\\OneDrive\\Desktop\\Web\\prime-oil\\server\\node_modules\\express\\lib\\router\\index.js:328:13)","statusCode":401,"timestamp":"2026-06-17T07:34:58.062Z"}
{"level":"info","message":"GET /api/payments 401 10.444 ms - 2241","timestamp":"2026-06-17T07:34:58.068Z"}
{"ip":"127.0.0.1","level":"error","message":"Unauthorized","method":"GET","path":"/api/complaints","stack":"Error: Unauthorized\n    at authenticate (file:///C:/Users/abrao/OneDrive/Desktop/Web/prime-oil/server/middleware/auth.js:27:17)\n    at Layer.handle [as handle_request] (C:\\Users\\abrao\\OneDrive\\Desktop\\Web\\prime-oil\\server\\node_modules\\express\\lib\\router\\layer.js:95:5)\n    at trim_prefix (C:\\Users\\abrao\\OneDrive\\Desktop\\Web\\prime-oil\\server\\node_modules\\express\\lib\\router\\index.js:328:13)\n    at C:\\Users\\abrao\\OneDrive\\Desktop\\Web\\prime-oil\\server\\node_modules\\express\\lib\\router\\index.js:286:9\n    at Function.process_params (C:\\Users\\abrao\\OneDrive\\Desktop\\Web\\prime-oil\\server\\node_modules\\express\\lib\\router\\index.js:346:12)\n    at next (C:\\Users\\abrao\\OneDrive\\Desktop\\Web\\prime-oil\\server\\node_modules\\express\\lib\\router\\index.js:280:10)\n    at Function.handle (C:\\Users\\abrao\\OneDrive\\Desktop\\Web\\prime-oil\\server\\node_modules\\express\\lib\\router\\index.js:175:3)\n    at router (C:\\Users\\abrao\\OneDrive\\Desktop\\Web\\prime-oil\\server\\node_modules\\express\\lib\\router\\index.js:47:12)\n    at Layer.handle [as handle_request] (C:\\Users\\abrao\\OneDrive\\Desktop\\Web\\prime-oil\\server\\node_modules\\express\\lib\\router\\layer.js:95:5)\n    at trim_prefix (C:\\Users\\abrao\\OneDrive\\Desktop\\Web\\prime-oil\\server\\node_modules\\express\\lib\\router\\index.js:328:13)\n    at C:\\Users\\abrao\\OneDrive\\Desktop\\Web\\prime-oil\\server\\node_modules\\express\\lib\\router\\index.js:286:9\n    at Function.process_params (C:\\Users\\abrao\\OneDrive\\Desktop\\Web\\prime-oil\\server\\node_modules\\express\\lib\\router\\index.js:346:12)\n    at next (C:\\Users\\abrao\\OneDrive\\Desktop\\Web\\prime-oil\\server\\node_modules\\express\\lib\\router\\index.js:280:10)\n    at hpp (C:\\Users\\abrao\\OneDrive\\Desktop\\Web\\prime-oil\\server\\node_modules\\hpp\\lib\\index.js:146:9)\n    at Layer.handle [as handle_request] (C:\\Users\\abrao\\OneDrive\\Desktop\\Web\\prime-oil\\server\\node_modules\\express\\lib\\router\\layer.js:95:5)\n    at trim_prefix (C:\\Users\\abrao\\OneDrive\\Desktop\\Web\\prime-oil\\server\\node_modules\\express\\lib\\router\\index.js:328:13)","statusCode":401,"timestamp":"2026-06-17T07:34:58.073Z"}
{"level":"info","message":"GET /api/complaints 401 4.279 ms - 2241","timestamp":"2026-06-17T07:34:58.078Z"}
{"ip":"127.0.0.1","level":"error","message":"Unauthorized","method":"GET","path":"/api/products","stack":"Error: Unauthorized\n    at authenticate (file:///C:/Users/abrao/OneDrive/Desktop/Web/prime-oil/server/middleware/auth.js:27:17)\n    at Layer.handle [as handle_request] (C:\\Users\\abrao\\OneDrive\\Desktop\\Web\\prime-oil\\server\\node_modules\\express\\lib\\router\\layer.js:95:5)\n    at trim_prefix (C:\\Users\\abrao\\OneDrive\\Desktop\\Web\\prime-oil\\server\\node_modules\\express\\lib\\router\\index.js:328:13)\n    at C:\\Users\\abrao\\OneDrive\\Desktop\\Web\\prime-oil\\server\\node_modules\\express\\lib\\router\\index.js:286:9\n    at Function.process_params (C:\\Users\\abrao\\OneDrive\\Desktop\\Web\\prime-oil\\server\\node_modules\\express\\lib\\router\\index.js:346:12)\n    at next (C:\\Users\\abrao\\OneDrive\\Desktop\\Web\\prime-oil\\server\\node_modules\\express\\lib\\router\\index.js:280:10)\n    at Function.handle (C:\\Users\\abrao\\OneDrive\\Desktop\\Web\\prime-oil\\server\\node_modules\\express\\lib\\router\\index.js:175:3)\n    at router (C:\\Users\\abrao\\OneDrive\\Desktop\\Web\\prime-oil\\server\\node_modules\\express\\lib\\router\\index.js:47:12)\n    at Layer.handle [as handle_request] (C:\\Users\\abrao\\OneDrive\\Desktop\\Web\\prime-oil\\server\\node_modules\\express\\lib\\router\\layer.js:95:5)\n    at trim_prefix (C:\\Users\\abrao\\OneDrive\\Desktop\\Web\\prime-oil\\server\\node_modules\\express\\lib\\router\\index.js:328:13)\n    at C:\\Users\\abrao\\OneDrive\\Desktop\\Web\\prime-oil\\server\\node_modules\\express\\lib\\router\\index.js:286:9\n    at Function.process_params (C:\\Users\\abrao\\OneDrive\\Desktop\\Web\\prime-oil\\server\\node_modules\\express\\lib\\router\\index.js:346:12)\n    at next (C:\\Users\\abrao\\OneDrive\\Desktop\\Web\\prime-oil\\server\\node_modules\\express\\lib\\router\\index.js:280:10)\n    at inventoryOrderWriteLimiter (file:///C:/Users/abrao/OneDrive/Desktop/Web/prime-oil/server/index.js:120:3)\n    at Layer.handle [as handle_request] (C:\\Users\\abrao\\OneDrive\\Desktop\\Web\\prime-oil\\server\\node_modules\\express\\lib\\router\\layer.js:95:5)\n    at trim_prefix (C:\\Users\\abrao\\OneDrive\\Desktop\\Web\\prime-oil\\server\\node_modules\\express\\lib\\router\\index.js:328:13)","statusCode":401,"timestamp":"2026-06-17T07:34:58.350Z"}
{"level":"info","message":"GET /api/products 401 8.950 ms - 2240","timestamp":"2026-06-17T07:34:58.356Z"}
{"ip":"127.0.0.1","level":"error","message":"Unauthorized","method":"GET","path":"/api/shopkeepers","stack":"Error: Unauthorized\n    at authenticate (file:///C:/Users/abrao/OneDrive/Desktop/Web/prime-oil/server/middleware/auth.js:27:17)\n    at Layer.handle [as handle_request] (C:\\Users\\abrao\\OneDrive\\Desktop\\Web\\prime-oil\\server\\node_modules\\express\\lib\\router\\layer.js:95:5)\n    at trim_prefix (C:\\Users\\abrao\\OneDrive\\Desktop\\Web\\prime-oil\\server\\node_modules\\express\\lib\\router\\index.js:328:13)\n    at C:\\Users\\abrao\\OneDrive\\Desktop\\Web\\prime-oil\\server\\node_modules\\express\\lib\\router\\index.js:286:9\n    at Function.process_params (C:\\Users\\abrao\\OneDrive\\Desktop\\Web\\prime-oil\\server\\node_modules\\express\\lib\\router\\index.js:346:12)\n    at next (C:\\Users\\abrao\\OneDrive\\Desktop\\Web\\prime-oil\\server\\node_modules\\express\\lib\\router\\index.js:280:10)\n    at Function.handle (C:\\Users\\abrao\\OneDrive\\Desktop\\Web\\prime-oil\\server\\node_modules\\express\\lib\\router\\index.js:175:3)\n    at router (C:\\Users\\abrao\\OneDrive\\Desktop\\Web\\prime-oil\\server\\node_modules\\express\\lib\\router\\index.js:47:12)\n    at Layer.handle [as handle_request] (C:\\Users\\abrao\\OneDrive\\Desktop\\Web\\prime-oil\\server\\node_modules\\express\\lib\\router\\layer.js:95:5)\n    at trim_prefix (C:\\Users\\abrao\\OneDrive\\Desktop\\Web\\prime-oil\\server\\node_modules\\express\\lib\\router\\index.js:328:13)\n    at C:\\Users\\abrao\\OneDrive\\Desktop\\Web\\prime-oil\\server\\node_modules\\express\\lib\\router\\index.js:286:9\n    at Function.process_params (C:\\Users\\abrao\\OneDrive\\Desktop\\Web\\prime-oil\\server\\node_modules\\express\\lib\\router\\index.js:346:12)\n    at next (C:\\Users\\abrao\\OneDrive\\Desktop\\Web\\prime-oil\\server\\node_modules\\express\\lib\\router\\index.js:280:10)\n    at hpp (C:\\Users\\abrao\\OneDrive\\Desktop\\Web\\prime-oil\\server\\node_modules\\hpp\\lib\\index.js:146:9)\n    at Layer.handle [as handle_request] (C:\\Users\\abrao\\OneDrive\\Desktop\\Web\\prime-oil\\server\\node_modules\\express\\lib\\router\\layer.js:95:5)\n    at trim_prefix (C:\\Users\\abrao\\OneDrive\\Desktop\\Web\\prime-oil\\server\\node_modules\\express\\lib\\router\\index.js:328:13)","statusCode":401,"timestamp":"2026-06-17T07:34:58.359Z"}
{"level":"info","message":"GET /api/shopkeepers 401 5.489 ms - 2241","timestamp":"2026-06-17T07:34:58.364Z"}
{"ip":"127.0.0.1","level":"error","message":"Unauthorized","method":"GET","path":"/api/charts/sales","stack":"Error: Unauthorized\n    at authenticate (file:///C:/Users/abrao/OneDrive/Desktop/Web/prime-oil/server/middleware/auth.js:27:17)\n    at Layer.handle [as handle_request] (C:\\Users\\abrao\\OneDrive\\Desktop\\Web\\prime-oil\\server\\node_modules\\express\\lib\\router\\layer.js:95:5)\n    at trim_prefix (C:\\Users\\abrao\\OneDrive\\Desktop\\Web\\prime-oil\\server\\node_modules\\express\\lib\\router\\index.js:328:13)\n    at C:\\Users\\abrao\\OneDrive\\Desktop\\Web\\prime-oil\\server\\node_modules\\express\\lib\\router\\index.js:286:9\n    at Function.process_params (C:\\Users\\abrao\\OneDrive\\Desktop\\Web\\prime-oil\\server\\node_modules\\express\\lib\\router\\index.js:346:12)\n    at next (C:\\Users\\abrao\\OneDrive\\Desktop\\Web\\prime-oil\\server\\node_modules\\express\\lib\\router\\index.js:280:10)\n    at Function.handle (C:\\Users\\abrao\\OneDrive\\Desktop\\Web\\prime-oil\\server\\node_modules\\express\\lib\\router\\index.js:175:3)\n    at router (C:\\Users\\abrao\\OneDrive\\Desktop\\Web\\prime-oil\\server\\node_modules\\express\\lib\\router\\index.js:47:12)\n    at Layer.handle [as handle_request] (C:\\Users\\abrao\\OneDrive\\Desktop\\Web\\prime-oil\\server\\node_modules\\express\\lib\\router\\layer.js:95:5)\n    at trim_prefix (C:\\Users\\abrao\\OneDrive\\Desktop\\Web\\prime-oil\\server\\node_modules\\express\\lib\\router\\index.js:328:13)\n    at C:\\Users\\abrao\\OneDrive\\Desktop\\Web\\prime-oil\\server\\node_modules\\express\\lib\\router\\index.js:286:9\n    at Function.process_params (C:\\Users\\abrao\\OneDrive\\Desktop\\Web\\prime-oil\\server\\node_modules\\express\\lib\\router\\index.js:346:12)\n    at next (C:\\Users\\abrao\\OneDrive\\Desktop\\Web\\prime-oil\\server\\node_modules\\express\\lib\\router\\index.js:280:10)\n    at hpp (C:\\Users\\abrao\\OneDrive\\Desktop\\Web\\prime-oil\\server\\node_modules\\hpp\\lib\\index.js:146:9)\n    at Layer.handle [as handle_request] (C:\\Users\\abrao\\OneDrive\\Desktop\\Web\\prime-oil\\server\\node_modules\\express\\lib\\router\\layer.js:95:5)\n    at trim_prefix (C:\\Users\\abrao\\OneDrive\\Desktop\\Web\\prime-oil\\server\\node_modules\\express\\lib\\router\\index.js:328:13)","statusCode":401,"timestamp":"2026-06-17T07:34:58.367Z"}
{"level":"info","message":"GET /api/charts/sales 401 2.465 ms - 2241","timestamp":"2026-06-17T07:34:58.370Z"}
{"ip":"127.0.0.1","level":"error","message":"Unauthorized","method":"GET","path":"/api/charts/category","stack":"Error: Unauthorized\n    at authenticate (file:///C:/Users/abrao/OneDrive/Desktop/Web/prime-oil/server/middleware/auth.js:27:17)\n    at Layer.handle [as handle_request] (C:\\Users\\abrao\\OneDrive\\Desktop\\Web\\prime-oil\\server\\node_modules\\express\\lib\\router\\layer.js:95:5)\n    at trim_prefix (C:\\Users\\abrao\\OneDrive\\Desktop\\Web\\prime-oil\\server\\node_modules\\express\\lib\\router\\index.js:328:13)\n    at C:\\Users\\abrao\\OneDrive\\Desktop\\Web\\prime-oil\\server\\node_modules\\express\\lib\\router\\index.js:286:9\n    at Function.process_params (C:\\Users\\abrao\\OneDrive\\Desktop\\Web\\prime-oil\\server\\node_modules\\express\\lib\\router\\index.js:346:12)\n    at next (C:\\Users\\abrao\\OneDrive\\Desktop\\Web\\prime-oil\\server\\node_modules\\express\\lib\\router\\index.js:280:10)\n    at Function.handle (C:\\Users\\abrao\\OneDrive\\Desktop\\Web\\prime-oil\\server\\node_modules\\express\\lib\\router\\index.js:175:3)\n    at router (C:\\Users\\abrao\\OneDrive\\Desktop\\Web\\prime-oil\\server\\node_modules\\express\\lib\\router\\index.js:47:12)\n    at Layer.handle [as handle_request] (C:\\Users\\abrao\\OneDrive\\Desktop\\Web\\prime-oil\\server\\node_modules\\express\\lib\\router\\layer.js:95:5)\n    at trim_prefix (C:\\Users\\abrao\\OneDrive\\Desktop\\Web\\prime-oil\\server\\node_modules\\express\\lib\\router\\index.js:328:13)\n    at C:\\Users\\abrao\\OneDrive\\Desktop\\Web\\prime-oil\\server\\node_modules\\express\\lib\\router\\index.js:286:9\n    at Function.process_params (C:\\Users\\abrao\\OneDrive\\Desktop\\Web\\prime-oil\\server\\node_modules\\express\\lib\\router\\index.js:346:12)\n    at next (C:\\Users\\abrao\\OneDrive\\Desktop\\Web\\prime-oil\\server\\node_modules\\express\\lib\\router\\index.js:280:10)\n    at hpp (C:\\Users\\abrao\\OneDrive\\Desktop\\Web\\prime-oil\\server\\node_modules\\hpp\\lib\\index.js:146:9)\n    at Layer.handle [as handle_request] (C:\\Users\\abrao\\OneDrive\\Desktop\\Web\\prime-oil\\server\\node_modules\\express\\lib\\router\\layer.js:95:5)\n    at trim_prefix (C:\\Users\\abrao\\OneDrive\\Desktop\\Web\\prime-oil\\server\\node_modules\\express\\lib\\router\\index.js:328:13)","statusCode":401,"timestamp":"2026-06-17T07:34:58.376Z"}
{"level":"info","message":"GET /api/charts/category 401 3.113 ms - 2241","timestamp":"2026-06-17T07:34:58.385Z"}
{"ip":"127.0.0.1","level":"error","message":"Unauthorized","method":"GET","path":"/api/notifications","stack":"Error: Unauthorized\n    at authenticate (file:///C:/Users/abrao/OneDrive/Desktop/Web/prime-oil/server/middleware/auth.js:27:17)\n    at Layer.handle [as handle_request] (C:\\Users\\abrao\\OneDrive\\Desktop\\Web\\prime-oil\\server\\node_modules\\express\\lib\\router\\layer.js:95:5)\n    at trim_prefix (C:\\Users\\abrao\\OneDrive\\Desktop\\Web\\prime-oil\\server\\node_modules\\express\\lib\\router\\index.js:328:13)\n    at C:\\Users\\abrao\\OneDrive\\Desktop\\Web\\prime-oil\\server\\node_modules\\express\\lib\\router\\index.js:286:9\n    at Function.process_params (C:\\Users\\abrao\\OneDrive\\Desktop\\Web\\prime-oil\\server\\node_modules\\express\\lib\\router\\index.js:346:12)\n    at next (C:\\Users\\abrao\\OneDrive\\Desktop\\Web\\prime-oil\\server\\node_modules\\express\\lib\\router\\index.js:280:10)\n    at Function.handle (C:\\Users\\abrao\\OneDrive\\Desktop\\Web\\prime-oil\\server\\node_modules\\express\\lib\\router\\index.js:175:3)\n    at router (C:\\Users\\abrao\\OneDrive\\Desktop\\Web\\prime-oil\\server\\node_modules\\express\\lib\\router\\index.js:47:12)\n    at Layer.handle [as handle_request] (C:\\Users\\abrao\\OneDrive\\Desktop\\Web\\prime-oil\\server\\node_modules\\express\\lib\\router\\layer.js:95:5)\n    at trim_prefix (C:\\Users\\abrao\\OneDrive\\Desktop\\Web\\prime-oil\\server\\node_modules\\express\\lib\\router\\index.js:328:13)\n    at C:\\Users\\abrao\\OneDrive\\Desktop\\Web\\prime-oil\\server\\node_modules\\express\\lib\\router\\index.js:286:9\n    at Function.process_params (C:\\Users\\abrao\\OneDrive\\Desktop\\Web\\prime-oil\\server\\node_modules\\express\\lib\\router\\index.js:346:12)\n    at next (C:\\Users\\abrao\\OneDrive\\Desktop\\Web\\prime-oil\\server\\node_modules\\express\\lib\\router\\index.js:280:10)\n    at hpp (C:\\Users\\abrao\\OneDrive\\Desktop\\Web\\prime-oil\\server\\node_modules\\hpp\\lib\\index.js:146:9)\n    at Layer.handle [as handle_request] (C:\\Users\\abrao\\OneDrive\\Desktop\\Web\\prime-oil\\server\\node_modules\\express\\lib\\router\\layer.js:95:5)\n    at trim_prefix (C:\\Users\\abrao\\OneDrive\\Desktop\\Web\\prime-oil\\server\\node_modules\\express\\lib\\router\\index.js:328:13)","statusCode":401,"timestamp":"2026-06-17T07:34:58.405Z"}
{"level":"info","message":"GET /api/notifications 401 4.372 ms - 2241","timestamp":"2026-06-17T07:34:58.410Z"}
{"ip":"127.0.0.1","level":"error","message":"Route GET /favicon.ico not found","method":"GET","path":"/favicon.ico","stack":"Error: Route GET /favicon.ico not found\n    at AppError.notFound (file:///C:/Users/abrao/OneDrive/Desktop/Web/prime-oil/server/utils/AppError.js:12:12)\n    at file:///C:/Users/abrao/OneDrive/Desktop/Web/prime-oil/server/index.js:149:17\n    at Layer.handle [as handle_request] (C:\\Users\\abrao\\OneDrive\\Desktop\\Web\\prime-oil\\server\\node_modules\\express\\lib\\router\\layer.js:95:5)\n    at trim_prefix (C:\\Users\\abrao\\OneDrive\\Desktop\\Web\\prime-oil\\server\\node_modules\\express\\lib\\router\\index.js:328:13)\n    at C:\\Users\\abrao\\OneDrive\\Desktop\\Web\\prime-oil\\server\\node_modules\\express\\lib\\router\\index.js:286:9\n    at Function.process_params (C:\\Users\\abrao\\OneDrive\\Desktop\\Web\\prime-oil\\server\\node_modules\\express\\lib\\router\\index.js:346:12)\n    at next (C:\\Users\\abrao\\OneDrive\\Desktop\\Web\\prime-oil\\server\\node_modules\\express\\lib\\router\\index.js:280:10)\n    at hpp (C:\\Users\\abrao\\OneDrive\\Desktop\\Web\\prime-oil\\server\\node_modules\\hpp\\lib\\index.js:146:9)\n    at Layer.handle [as handle_request] (C:\\Users\\abrao\\OneDrive\\Desktop\\Web\\prime-oil\\server\\node_modules\\express\\lib\\router\\layer.js:95:5)\n    at trim_prefix (C:\\Users\\abrao\\OneDrive\\Desktop\\Web\\prime-oil\\server\\node_modules\\express\\lib\\router\\index.js:328:13)\n    at C:\\Users\\abrao\\OneDrive\\Desktop\\Web\\prime-oil\\server\\node_modules\\express\\lib\\router\\index.js:286:9\n    at Function.process_params (C:\\Users\\abrao\\OneDrive\\Desktop\\Web\\prime-oil\\server\\node_modules\\express\\lib\\router\\index.js:346:12)\n    at next (C:\\Users\\abrao\\OneDrive\\Desktop\\Web\\prime-oil\\server\\node_modules\\express\\lib\\router\\index.js:280:10)\n    at C:\\Users\\abrao\\OneDrive\\Desktop\\Web\\prime-oil\\server\\node_modules\\express-mongo-sanitize\\index.js:122:5\n    at Layer.handle [as handle_request] (C:\\Users\\abrao\\OneDrive\\Desktop\\Web\\prime-oil\\server\\node_modules\\express\\lib\\router\\layer.js:95:5)\n    at trim_prefix (C:\\Users\\abrao\\OneDrive\\Desktop\\Web\\prime-oil\\server\\node_modules\\express\\lib\\router\\index.js:328:13)","statusCode":404,"timestamp":"2026-06-17T07:34:58.422Z"}
{"level":"info","message":"GET /favicon.ico 404 2.836 ms - 2222","timestamp":"2026-06-17T07:34:58.425Z"}
{"ip":"127.0.0.1","level":"error","message":"Unauthorized","method":"GET","path":"/api/orders","stack":"Error: Unauthorized\n    at authenticate (file:///C:/Users/abrao/OneDrive/Desktop/Web/prime-oil/server/middleware/auth.js:27:17)\n    at Layer.handle [as handle_request] (C:\\Users\\abrao\\OneDrive\\Desktop\\Web\\prime-oil\\server\\node_modules\\express\\lib\\router\\layer.js:95:5)\n    at trim_prefix (C:\\Users\\abrao\\OneDrive\\Desktop\\Web\\prime-oil\\server\\node_modules\\express\\lib\\router\\index.js:328:13)\n    at C:\\Users\\abrao\\OneDrive\\Desktop\\Web\\prime-oil\\server\\node_modules\\express\\lib\\router\\index.js:286:9\n    at Function.process_params (C:\\Users\\abrao\\OneDrive\\Desktop\\Web\\prime-oil\\server\\node_modules\\express\\lib\\router\\index.js:346:12)\n    at next (C:\\Users\\abrao\\OneDrive\\Desktop\\Web\\prime-oil\\server\\node_modules\\express\\lib\\router\\index.js:280:10)\n    at Function.handle (C:\\Users\\abrao\\OneDrive\\Desktop\\Web\\prime-oil\\server\\node_modules\\express\\lib\\router\\index.js:175:3)\n    at router (C:\\Users\\abrao\\OneDrive\\Desktop\\Web\\prime-oil\\server\\node_modules\\express\\lib\\router\\index.js:47:12)\n    at Layer.handle [as handle_request] (C:\\Users\\abrao\\OneDrive\\Desktop\\Web\\prime-oil\\server\\node_modules\\express\\lib\\router\\layer.js:95:5)\n    at trim_prefix (C:\\Users\\abrao\\OneDrive\\Desktop\\Web\\prime-oil\\server\\node_modules\\express\\lib\\router\\index.js:328:13)\n    at C:\\Users\\abrao\\OneDrive\\Desktop\\Web\\prime-oil\\server\\node_modules\\express\\lib\\router\\index.js:286:9\n    at Function.process_params (C:\\Users\\abrao\\OneDrive\\Desktop\\Web\\prime-oil\\server\\node_modules\\express\\lib\\router\\index.js:346:12)\n    at next (C:\\Users\\abrao\\OneDrive\\Desktop\\Web\\prime-oil\\server\\node_modules\\express\\lib\\router\\index.js:280:10)\n    at inventoryOrderWriteLimiter (file:///C:/Users/abrao/OneDrive/Desktop/Web/prime-oil/server/index.js:120:3)\n    at Layer.handle [as handle_request] (C:\\Users\\abrao\\OneDrive\\Desktop\\Web\\prime-oil\\server\\node_modules\\express\\lib\\router\\layer.js:95:5)\n    at trim_prefix (C:\\Users\\abrao\\OneDrive\\Desktop\\Web\\prime-oil\\server\\node_modules\\express\\lib\\router\\index.js:328:13)","statusCode":401,"timestamp":"2026-06-17T07:35:37.653Z"}
{"level":"info","message":"GET /api/orders 401 9.905 ms - 2240","timestamp":"2026-06-17T07:35:37.666Z"}
{"ip":"127.0.0.1","level":"error","message":"Unauthorized","method":"GET","path":"/api/shopkeepers","stack":"Error: Unauthorized\n    at authenticate (file:///C:/Users/abrao/OneDrive/Desktop/Web/prime-oil/server/middleware/auth.js:27:17)\n    at Layer.handle [as handle_request] (C:\\Users\\abrao\\OneDrive\\Desktop\\Web\\prime-oil\\server\\node_modules\\express\\lib\\router\\layer.js:95:5)\n    at trim_prefix (C:\\Users\\abrao\\OneDrive\\Desktop\\Web\\prime-oil\\server\\node_modules\\express\\lib\\router\\index.js:328:13)\n    at C:\\Users\\abrao\\OneDrive\\Desktop\\Web\\prime-oil\\server\\node_modules\\express\\lib\\router\\index.js:286:9\n    at Function.process_params (C:\\Users\\abrao\\OneDrive\\Desktop\\Web\\prime-oil\\server\\node_modules\\express\\lib\\router\\index.js:346:12)\n    at next (C:\\Users\\abrao\\OneDrive\\Desktop\\Web\\prime-oil\\server\\node_modules\\express\\lib\\router\\index.js:280:10)\n    at Function.handle (C:\\Users\\abrao\\OneDrive\\Desktop\\Web\\prime-oil\\server\\node_modules\\express\\lib\\router\\index.js:175:3)\n    at router (C:\\Users\\abrao\\OneDrive\\Desktop\\Web\\prime-oil\\server\\node_modules\\express\\lib\\router\\index.js:47:12)\n    at Layer.handle [as handle_request] (C:\\Users\\abrao\\OneDrive\\Desktop\\Web\\prime-oil\\server\\node_modules\\express\\lib\\router\\layer.js:95:5)\n    at trim_prefix (C:\\Users\\abrao\\OneDrive\\Desktop\\Web\\prime-oil\\server\\node_modules\\express\\lib\\router\\index.js:328:13)\n    at C:\\Users\\abrao\\OneDrive\\Desktop\\Web\\prime-oil\\server\\node_modules\\express\\lib\\router\\index.js:286:9\n    at Function.process_params (C:\\Users\\abrao\\OneDrive\\Desktop\\Web\\prime-oil\\server\\node_modules\\express\\lib\\router\\index.js:346:12)\n    at next (C:\\Users\\abrao\\OneDrive\\Desktop\\Web\\prime-oil\\server\\node_modules\\express\\lib\\router\\index.js:280:10)\n    at hpp (C:\\Users\\abrao\\OneDrive\\Desktop\\Web\\prime-oil\\server\\node_modules\\hpp\\lib\\index.js:146:9)\n    at Layer.handle [as handle_request] (C:\\Users\\abrao\\OneDrive\\Desktop\\Web\\prime-oil\\server\\node_modules\\express\\lib\\router\\layer.js:95:5)\n    at trim_prefix (C:\\Users\\abrao\\OneDrive\\Desktop\\Web\\prime-oil\\server\\node_modules\\express\\lib\\router\\index.js:328:13)","statusCode":401,"timestamp":"2026-06-17T07:35:37.680Z"}
{"level":"info","message":"GET /api/shopkeepers 401 12.142 ms - 2241","timestamp":"2026-06-17T07:35:37.691Z"}
{"ip":"127.0.0.1","level":"error","message":"Unauthorized","method":"GET","path":"/api/products","stack":"Error: Unauthorized\n    at authenticate (file:///C:/Users/abrao/OneDrive/Desktop/Web/prime-oil/server/middleware/auth.js:27:17)\n    at Layer.handle [as handle_request] (C:\\Users\\abrao\\OneDrive\\Desktop\\Web\\prime-oil\\server\\node_modules\\express\\lib\\router\\layer.js:95:5)\n    at trim_prefix (C:\\Users\\abrao\\OneDrive\\Desktop\\Web\\prime-oil\\server\\node_modules\\express\\lib\\router\\index.js:328:13)\n    at C:\\Users\\abrao\\OneDrive\\Desktop\\Web\\prime-oil\\server\\node_modules\\express\\lib\\router\\index.js:286:9\n    at Function.process_params (C:\\Users\\abrao\\OneDrive\\Desktop\\Web\\prime-oil\\server\\node_modules\\express\\lib\\router\\index.js:346:12)\n    at next (C:\\Users\\abrao\\OneDrive\\Desktop\\Web\\prime-oil\\server\\node_modules\\express\\lib\\router\\index.js:280:10)\n    at Function.handle (C:\\Users\\abrao\\OneDrive\\Desktop\\Web\\prime-oil\\server\\node_modules\\express\\lib\\router\\index.js:175:3)\n    at router (C:\\Users\\abrao\\OneDrive\\Desktop\\Web\\prime-oil\\server\\node_modules\\express\\lib\\router\\index.js:47:12)\n    at Layer.handle [as handle_request] (C:\\Users\\abrao\\OneDrive\\Desktop\\Web\\prime-oil\\server\\node_modules\\express\\lib\\router\\layer.js:95:5)\n    at trim_prefix (C:\\Users\\abrao\\OneDrive\\Desktop\\Web\\prime-oil\\server\\node_modules\\express\\lib\\router\\index.js:328:13)\n    at C:\\Users\\abrao\\OneDrive\\Desktop\\Web\\prime-oil\\server\\node_modules\\express\\lib\\router\\index.js:286:9\n    at Function.process_params (C:\\Users\\abrao\\OneDrive\\Desktop\\Web\\prime-oil\\server\\node_modules\\express\\lib\\router\\index.js:346:12)\n    at next (C:\\Users\\abrao\\OneDrive\\Desktop\\Web\\prime-oil\\server\\node_modules\\express\\lib\\router\\index.js:280:10)\n    at inventoryOrderWriteLimiter (file:///C:/Users/abrao/OneDrive/Desktop/Web/prime-oil/server/index.js:120:3)\n    at Layer.handle [as handle_request] (C:\\Users\\abrao\\OneDrive\\Desktop\\Web\\prime-oil\\server\\node_modules\\express\\lib\\router\\layer.js:95:5)\n    at trim_prefix (C:\\Users\\abrao\\OneDrive\\Desktop\\Web\\prime-oil\\server\\node_modules\\express\\lib\\router\\index.js:328:13)","statusCode":401,"timestamp":"2026-06-17T07:35:37.832Z"}
{"level":"info","message":"GET /api/products 401 13.870 ms - 2240","timestamp":"2026-06-17T07:35:37.854Z"}
{"ip":"127.0.0.1","level":"error","message":"Unauthorized","method":"GET","path":"/api/payments","stack":"Error: Unauthorized\n    at authenticate (file:///C:/Users/abrao/OneDrive/Desktop/Web/prime-oil/server/middleware/auth.js:27:17)\n    at Layer.handle [as handle_request] (C:\\Users\\abrao\\OneDrive\\Desktop\\Web\\prime-oil\\server\\node_modules\\express\\lib\\router\\layer.js:95:5)\n    at trim_prefix (C:\\Users\\abrao\\OneDrive\\Desktop\\Web\\prime-oil\\server\\node_modules\\express\\lib\\router\\index.js:328:13)\n    at C:\\Users\\abrao\\OneDrive\\Desktop\\Web\\prime-oil\\server\\node_modules\\express\\lib\\router\\index.js:286:9\n    at Function.process_params (C:\\Users\\abrao\\OneDrive\\Desktop\\Web\\prime-oil\\server\\node_modules\\express\\lib\\router\\index.js:346:12)\n    at next (C:\\Users\\abrao\\OneDrive\\Desktop\\Web\\prime-oil\\server\\node_modules\\express\\lib\\router\\index.js:280:10)\n    at Function.handle (C:\\Users\\abrao\\OneDrive\\Desktop\\Web\\prime-oil\\server\\node_modules\\express\\lib\\router\\index.js:175:3)\n    at router (C:\\Users\\abrao\\OneDrive\\Desktop\\Web\\prime-oil\\server\\node_modules\\express\\lib\\router\\index.js:47:12)\n    at Layer.handle [as handle_request] (C:\\Users\\abrao\\OneDrive\\Desktop\\Web\\prime-oil\\server\\node_modules\\express\\lib\\router\\layer.js:95:5)\n    at trim_prefix (C:\\Users\\abrao\\OneDrive\\Desktop\\Web\\prime-oil\\server\\node_modules\\express\\lib\\router\\index.js:328:13)\n    at C:\\Users\\abrao\\OneDrive\\Desktop\\Web\\prime-oil\\server\\node_modules\\express\\lib\\router\\index.js:286:9\n    at Function.process_params (C:\\Users\\abrao\\OneDrive\\Desktop\\Web\\prime-oil\\server\\node_modules\\express\\lib\\router\\index.js:346:12)\n    at next (C:\\Users\\abrao\\OneDrive\\Desktop\\Web\\prime-oil\\server\\node_modules\\express\\lib\\router\\index.js:280:10)\n    at hpp (C:\\Users\\abrao\\OneDrive\\Desktop\\Web\\prime-oil\\server\\node_modules\\hpp\\lib\\index.js:146:9)\n    at Layer.handle [as handle_request] (C:\\Users\\abrao\\OneDrive\\Desktop\\Web\\prime-oil\\server\\node_modules\\express\\lib\\router\\layer.js:95:5)\n    at trim_prefix (C:\\Users\\abrao\\OneDrive\\Desktop\\Web\\prime-oil\\server\\node_modules\\express\\lib\\router\\index.js:328:13)","statusCode":401,"timestamp":"2026-06-17T07:35:39.214Z"}
{"level":"info","message":"GET /api/payments 401 3.217 ms - 2241","timestamp":"2026-06-17T07:35:39.227Z"}
{"ip":"127.0.0.1","level":"error","message":"Unauthorized","method":"GET","path":"/api/orders","stack":"Error: Unauthorized\n    at authenticate (file:///C:/Users/abrao/OneDrive/Desktop/Web/prime-oil/server/middleware/auth.js:27:17)\n    at Layer.handle [as handle_request] (C:\\Users\\abrao\\OneDrive\\Desktop\\Web\\prime-oil\\server\\node_modules\\express\\lib\\router\\layer.js:95:5)\n    at trim_prefix (C:\\Users\\abrao\\OneDrive\\Desktop\\Web\\prime-oil\\server\\node_modules\\express\\lib\\router\\index.js:328:13)\n    at C:\\Users\\abrao\\OneDrive\\Desktop\\Web\\prime-oil\\server\\node_modules\\express\\lib\\router\\index.js:286:9\n    at Function.process_params (C:\\Users\\abrao\\OneDrive\\Desktop\\Web\\prime-oil\\server\\node_modules\\express\\lib\\router\\index.js:346:12)\n    at next (C:\\Users\\abrao\\OneDrive\\Desktop\\Web\\prime-oil\\server\\node_modules\\express\\lib\\router\\index.js:280:10)\n    at Function.handle (C:\\Users\\abrao\\OneDrive\\Desktop\\Web\\prime-oil\\server\\node_modules\\express\\lib\\router\\index.js:175:3)\n    at router (C:\\Users\\abrao\\OneDrive\\Desktop\\Web\\prime-oil\\server\\node_modules\\express\\lib\\router\\index.js:47:12)\n    at Layer.handle [as handle_request] (C:\\Users\\abrao\\OneDrive\\Desktop\\Web\\prime-oil\\server\\node_modules\\express\\lib\\router\\layer.js:95:5)\n    at trim_prefix (C:\\Users\\abrao\\OneDrive\\Desktop\\Web\\prime-oil\\server\\node_modules\\express\\lib\\router\\index.js:328:13)\n    at C:\\Users\\abrao\\OneDrive\\Desktop\\Web\\prime-oil\\server\\node_modules\\express\\lib\\router\\index.js:286:9\n    at Function.process_params (C:\\Users\\abrao\\OneDrive\\Desktop\\Web\\prime-oil\\server\\node_modules\\express\\lib\\router\\index.js:346:12)\n    at next (C:\\Users\\abrao\\OneDrive\\Desktop\\Web\\prime-oil\\server\\node_modules\\express\\lib\\router\\index.js:280:10)\n    at inventoryOrderWriteLimiter (file:///C:/Users/abrao/OneDrive/Desktop/Web/prime-oil/server/index.js:120:3)\n    at Layer.handle [as handle_request] (C:\\Users\\abrao\\OneDrive\\Desktop\\Web\\prime-oil\\server\\node_modules\\express\\lib\\router\\layer.js:95:5)\n    at trim_prefix (C:\\Users\\abrao\\OneDrive\\Desktop\\Web\\prime-oil\\server\\node_modules\\express\\lib\\router\\index.js:328:13)","statusCode":401,"timestamp":"2026-06-17T07:35:39.502Z"}
{"level":"info","message":"GET /api/orders 401 2.251 ms - 2240","timestamp":"2026-06-17T07:35:39.503Z"}
{"ip":"127.0.0.1","level":"error","message":"Unauthorized","method":"GET","path":"/api/complaints","stack":"Error: Unauthorized\n    at authenticate (file:///C:/Users/abrao/OneDrive/Desktop/Web/prime-oil/server/middleware/auth.js:27:17)\n    at Layer.handle [as handle_request] (C:\\Users\\abrao\\OneDrive\\Desktop\\Web\\prime-oil\\server\\node_modules\\express\\lib\\router\\layer.js:95:5)\n    at trim_prefix (C:\\Users\\abrao\\OneDrive\\Desktop\\Web\\prime-oil\\server\\node_modules\\express\\lib\\router\\index.js:328:13)\n    at C:\\Users\\abrao\\OneDrive\\Desktop\\Web\\prime-oil\\server\\node_modules\\express\\lib\\router\\index.js:286:9\n    at Function.process_params (C:\\Users\\abrao\\OneDrive\\Desktop\\Web\\prime-oil\\server\\node_modules\\express\\lib\\router\\index.js:346:12)\n    at next (C:\\Users\\abrao\\OneDrive\\Desktop\\Web\\prime-oil\\server\\node_modules\\express\\lib\\router\\index.js:280:10)\n    at Function.handle (C:\\Users\\abrao\\OneDrive\\Desktop\\Web\\prime-oil\\server\\node_modules\\express\\lib\\router\\index.js:175:3)\n    at router (C:\\Users\\abrao\\OneDrive\\Desktop\\Web\\prime-oil\\server\\node_modules\\express\\lib\\router\\index.js:47:12)\n    at Layer.handle [as handle_request] (C:\\Users\\abrao\\OneDrive\\Desktop\\Web\\prime-oil\\server\\node_modules\\express\\lib\\router\\layer.js:95:5)\n    at trim_prefix (C:\\Users\\abrao\\OneDrive\\Desktop\\Web\\prime-oil\\server\\node_modules\\express\\lib\\router\\index.js:328:13)\n    at C:\\Users\\abrao\\OneDrive\\Desktop\\Web\\prime-oil\\server\\node_modules\\express\\lib\\router\\index.js:286:9\n    at Function.process_params (C:\\Users\\abrao\\OneDrive\\Desktop\\Web\\prime-oil\\server\\node_modules\\express\\lib\\router\\index.js:346:12)\n    at next (C:\\Users\\abrao\\OneDrive\\Desktop\\Web\\prime-oil\\server\\node_modules\\express\\lib\\router\\index.js:280:10)\n    at hpp (C:\\Users\\abrao\\OneDrive\\Desktop\\Web\\prime-oil\\server\\node_modules\\hpp\\lib\\index.js:146:9)\n    at Layer.handle [as handle_request] (C:\\Users\\abrao\\OneDrive\\Desktop\\Web\\prime-oil\\server\\node_modules\\express\\lib\\router\\layer.js:95:5)\n    at trim_prefix (C:\\Users\\abrao\\OneDrive\\Desktop\\Web\\prime-oil\\server\\node_modules\\express\\lib\\router\\index.js:328:13)","statusCode":401,"timestamp":"2026-06-17T07:35:42.207Z"}
{"level":"info","message":"GET /api/complaints 401 12.480 ms - 2241","timestamp":"2026-06-17T07:35:42.217Z"}
{"ip":"127.0.0.1","level":"error","message":"Unauthorized","method":"GET","path":"/api/products","stack":"Error: Unauthorized\n    at authenticate (file:///C:/Users/abrao/OneDrive/Desktop/Web/prime-oil/server/middleware/auth.js:27:17)\n    at Layer.handle [as handle_request] (C:\\Users\\abrao\\OneDrive\\Desktop\\Web\\prime-oil\\server\\node_modules\\express\\lib\\router\\layer.js:95:5)\n    at trim_prefix (C:\\Users\\abrao\\OneDrive\\Desktop\\Web\\prime-oil\\server\\node_modules\\express\\lib\\router\\index.js:328:13)\n    at C:\\Users\\abrao\\OneDrive\\Desktop\\Web\\prime-oil\\server\\node_modules\\express\\lib\\router\\index.js:286:9\n    at Function.process_params (C:\\Users\\abrao\\OneDrive\\Desktop\\Web\\prime-oil\\server\\node_modules\\express\\lib\\router\\index.js:346:12)\n    at next (C:\\Users\\abrao\\OneDrive\\Desktop\\Web\\prime-oil\\server\\node_modules\\express\\lib\\router\\index.js:280:10)\n    at Function.handle (C:\\Users\\abrao\\OneDrive\\Desktop\\Web\\prime-oil\\server\\node_modules\\express\\lib\\router\\index.js:175:3)\n    at router (C:\\Users\\abrao\\OneDrive\\Desktop\\Web\\prime-oil\\server\\node_modules\\express\\lib\\router\\index.js:47:12)\n    at Layer.handle [as handle_request] (C:\\Users\\abrao\\OneDrive\\Desktop\\Web\\prime-oil\\server\\node_modules\\express\\lib\\router\\layer.js:95:5)\n    at trim_prefix (C:\\Users\\abrao\\OneDrive\\Desktop\\Web\\prime-oil\\server\\node_modules\\express\\lib\\router\\index.js:328:13)\n    at C:\\Users\\abrao\\OneDrive\\Desktop\\Web\\prime-oil\\server\\node_modules\\express\\lib\\router\\index.js:286:9\n    at Function.process_params (C:\\Users\\abrao\\OneDrive\\Desktop\\Web\\prime-oil\\server\\node_modules\\express\\lib\\router\\index.js:346:12)\n    at next (C:\\Users\\abrao\\OneDrive\\Desktop\\Web\\prime-oil\\server\\node_modules\\express\\lib\\router\\index.js:280:10)\n    at inventoryOrderWriteLimiter (file:///C:/Users/abrao/OneDrive/Desktop/Web/prime-oil/server/index.js:120:3)\n    at Layer.handle [as handle_request] (C:\\Users\\abrao\\OneDrive\\Desktop\\Web\\prime-oil\\server\\node_modules\\express\\lib\\router\\layer.js:95:5)\n    at trim_prefix (C:\\Users\\abrao\\OneDrive\\Desktop\\Web\\prime-oil\\server\\node_modules\\express\\lib\\router\\index.js:328:13)","statusCode":401,"timestamp":"2026-06-17T07:35:42.239Z"}
{"level":"info","message":"GET /api/products 401 19.438 ms - 2240","timestamp":"2026-06-17T07:35:42.248Z"}
{"ip":"127.0.0.1","level":"error","message":"Unauthorized","method":"GET","path":"/api/orders","stack":"Error: Unauthorized\n    at authenticate (file:///C:/Users/abrao/OneDrive/Desktop/Web/prime-oil/server/middleware/auth.js:27:17)\n    at Layer.handle [as handle_request] (C:\\Users\\abrao\\OneDrive\\Desktop\\Web\\prime-oil\\server\\node_modules\\express\\lib\\router\\layer.js:95:5)\n    at trim_prefix (C:\\Users\\abrao\\OneDrive\\Desktop\\Web\\prime-oil\\server\\node_modules\\express\\lib\\router\\index.js:328:13)\n    at C:\\Users\\abrao\\OneDrive\\Desktop\\Web\\prime-oil\\server\\node_modules\\express\\lib\\router\\index.js:286:9\n    at Function.process_params (C:\\Users\\abrao\\OneDrive\\Desktop\\Web\\prime-oil\\server\\node_modules\\express\\lib\\router\\index.js:346:12)\n    at next (C:\\Users\\abrao\\OneDrive\\Desktop\\Web\\prime-oil\\server\\node_modules\\express\\lib\\router\\index.js:280:10)\n    at Function.handle (C:\\Users\\abrao\\OneDrive\\Desktop\\Web\\prime-oil\\server\\node_modules\\express\\lib\\router\\index.js:175:3)\n    at router (C:\\Users\\abrao\\OneDrive\\Desktop\\Web\\prime-oil\\server\\node_modules\\express\\lib\\router\\index.js:47:12)\n    at Layer.handle [as handle_request] (C:\\Users\\abrao\\OneDrive\\Desktop\\Web\\prime-oil\\server\\node_modules\\express\\lib\\router\\layer.js:95:5)\n    at trim_prefix (C:\\Users\\abrao\\OneDrive\\Desktop\\Web\\prime-oil\\server\\node_modules\\express\\lib\\router\\index.js:328:13)\n    at C:\\Users\\abrao\\OneDrive\\Desktop\\Web\\prime-oil\\server\\node_modules\\express\\lib\\router\\index.js:286:9\n    at Function.process_params (C:\\Users\\abrao\\OneDrive\\Desktop\\Web\\prime-oil\\server\\node_modules\\express\\lib\\router\\index.js:346:12)\n    at next (C:\\Users\\abrao\\OneDrive\\Desktop\\Web\\prime-oil\\server\\node_modules\\express\\lib\\router\\index.js:280:10)\n    at inventoryOrderWriteLimiter (file:///C:/Users/abrao/OneDrive/Desktop/Web/prime-oil/server/index.js:120:3)\n    at Layer.handle [as handle_request] (C:\\Users\\abrao\\OneDrive\\Desktop\\Web\\prime-oil\\server\\node_modules\\express\\lib\\router\\layer.js:95:5)\n    at trim_prefix (C:\\Users\\abrao\\OneDrive\\Desktop\\Web\\prime-oil\\server\\node_modules\\express\\lib\\router\\index.js:328:13)","statusCode":401,"timestamp":"2026-06-17T07:35:43.753Z"}
{"level":"info","message":"GET /api/orders 401 28.759 ms - 2240","timestamp":"2026-06-17T07:35:43.781Z"}
{"ip":"127.0.0.1","level":"error","message":"Unauthorized","method":"GET","path":"/api/payments","stack":"Error: Unauthorized\n    at authenticate (file:///C:/Users/abrao/OneDrive/Desktop/Web/prime-oil/server/middleware/auth.js:27:17)\n    at Layer.handle [as handle_request] (C:\\Users\\abrao\\OneDrive\\Desktop\\Web\\prime-oil\\server\\node_modules\\express\\lib\\router\\layer.js:95:5)\n    at trim_prefix (C:\\Users\\abrao\\OneDrive\\Desktop\\Web\\prime-oil\\server\\node_modules\\express\\lib\\router\\index.js:328:13)\n    at C:\\Users\\abrao\\OneDrive\\Desktop\\Web\\prime-oil\\server\\node_modules\\express\\lib\\router\\index.js:286:9\n    at Function.process_params (C:\\Users\\abrao\\OneDrive\\Desktop\\Web\\prime-oil\\server\\node_modules\\express\\lib\\router\\index.js:346:12)\n    at next (C:\\Users\\abrao\\OneDrive\\Desktop\\Web\\prime-oil\\server\\node_modules\\express\\lib\\router\\index.js:280:10)\n    at Function.handle (C:\\Users\\abrao\\OneDrive\\Desktop\\Web\\prime-oil\\server\\node_modules\\express\\lib\\router\\index.js:175:3)\n    at router (C:\\Users\\abrao\\OneDrive\\Desktop\\Web\\prime-oil\\server\\node_modules\\express\\lib\\router\\index.js:47:12)\n    at Layer.handle [as handle_request] (C:\\Users\\abrao\\OneDrive\\Desktop\\Web\\prime-oil\\server\\node_modules\\express\\lib\\router\\layer.js:95:5)\n    at trim_prefix (C:\\Users\\abrao\\OneDrive\\Desktop\\Web\\prime-oil\\server\\node_modules\\express\\lib\\router\\index.js:328:13)\n    at C:\\Users\\abrao\\OneDrive\\Desktop\\Web\\prime-oil\\server\\node_modules\\express\\lib\\router\\index.js:286:9\n    at Function.process_params (C:\\Users\\abrao\\OneDrive\\Desktop\\Web\\prime-oil\\server\\node_modules\\express\\lib\\router\\index.js:346:12)\n    at next (C:\\Users\\abrao\\OneDrive\\Desktop\\Web\\prime-oil\\server\\node_modules\\express\\lib\\router\\index.js:280:10)\n    at hpp (C:\\Users\\abrao\\OneDrive\\Desktop\\Web\\prime-oil\\server\\node_modules\\hpp\\lib\\index.js:146:9)\n    at Layer.handle [as handle_request] (C:\\Users\\abrao\\OneDrive\\Desktop\\Web\\prime-oil\\server\\node_modules\\express\\lib\\router\\layer.js:95:5)\n    at trim_prefix (C:\\Users\\abrao\\OneDrive\\Desktop\\Web\\prime-oil\\server\\node_modules\\express\\lib\\router\\index.js:328:13)","statusCode":401,"timestamp":"2026-06-17T07:35:43.792Z"}
{"level":"info","message":"GET /api/payments 401 10.520 ms - 2241","timestamp":"2026-06-17T07:35:43.810Z"}
{"ip":"127.0.0.1","level":"error","message":"Unauthorized","method":"GET","path":"/api/complaints","stack":"Error: Unauthorized\n    at authenticate (file:///C:/Users/abrao/OneDrive/Desktop/Web/prime-oil/server/middleware/auth.js:27:17)\n    at Layer.handle [as handle_request] (C:\\Users\\abrao\\OneDrive\\Desktop\\Web\\prime-oil\\server\\node_modules\\express\\lib\\router\\layer.js:95:5)\n    at trim_prefix (C:\\Users\\abrao\\OneDrive\\Desktop\\Web\\prime-oil\\server\\node_modules\\express\\lib\\router\\index.js:328:13)\n    at C:\\Users\\abrao\\OneDrive\\Desktop\\Web\\prime-oil\\server\\node_modules\\express\\lib\\router\\index.js:286:9\n    at Function.process_params (C:\\Users\\abrao\\OneDrive\\Desktop\\Web\\prime-oil\\server\\node_modules\\express\\lib\\router\\index.js:346:12)\n    at next (C:\\Users\\abrao\\OneDrive\\Desktop\\Web\\prime-oil\\server\\node_modules\\express\\lib\\router\\index.js:280:10)\n    at Function.handle (C:\\Users\\abrao\\OneDrive\\Desktop\\Web\\prime-oil\\server\\node_modules\\express\\lib\\router\\index.js:175:3)\n    at router (C:\\Users\\abrao\\OneDrive\\Desktop\\Web\\prime-oil\\server\\node_modules\\express\\lib\\router\\index.js:47:12)\n    at Layer.handle [as handle_request] (C:\\Users\\abrao\\OneDrive\\Desktop\\Web\\prime-oil\\server\\node_modules\\express\\lib\\router\\layer.js:95:5)\n    at trim_prefix (C:\\Users\\abrao\\OneDrive\\Desktop\\Web\\prime-oil\\server\\node_modules\\express\\lib\\router\\index.js:328:13)\n    at C:\\Users\\abrao\\OneDrive\\Desktop\\Web\\prime-oil\\server\\node_modules\\express\\lib\\router\\index.js:286:9\n    at Function.process_params (C:\\Users\\abrao\\OneDrive\\Desktop\\Web\\prime-oil\\server\\node_modules\\express\\lib\\router\\index.js:346:12)\n    at next (C:\\Users\\abrao\\OneDrive\\Desktop\\Web\\prime-oil\\server\\node_modules\\express\\lib\\router\\index.js:280:10)\n    at hpp (C:\\Users\\abrao\\OneDrive\\Desktop\\Web\\prime-oil\\server\\node_modules\\hpp\\lib\\index.js:146:9)\n    at Layer.handle [as handle_request] (C:\\Users\\abrao\\OneDrive\\Desktop\\Web\\prime-oil\\server\\node_modules\\express\\lib\\router\\layer.js:95:5)\n    at trim_prefix (C:\\Users\\abrao\\OneDrive\\Desktop\\Web\\prime-oil\\server\\node_modules\\express\\lib\\router\\index.js:328:13)","statusCode":401,"timestamp":"2026-06-17T07:35:43.823Z"}
{"level":"info","message":"GET /api/complaints 401 12.095 ms - 2241","timestamp":"2026-06-17T07:35:43.845Z"}
{"ip":"127.0.0.1","level":"error","message":"Unauthorized","method":"GET","path":"/api/products","stack":"Error: Unauthorized\n    at authenticate (file:///C:/Users/abrao/OneDrive/Desktop/Web/prime-oil/server/middleware/auth.js:27:17)\n    at Layer.handle [as handle_request] (C:\\Users\\abrao\\OneDrive\\Desktop\\Web\\prime-oil\\server\\node_modules\\express\\lib\\router\\layer.js:95:5)\n    at trim_prefix (C:\\Users\\abrao\\OneDrive\\Desktop\\Web\\prime-oil\\server\\node_modules\\express\\lib\\router\\index.js:328:13)\n    at C:\\Users\\abrao\\OneDrive\\Desktop\\Web\\prime-oil\\server\\node_modules\\express\\lib\\router\\index.js:286:9\n    at Function.process_params (C:\\Users\\abrao\\OneDrive\\Desktop\\Web\\prime-oil\\server\\node_modules\\express\\lib\\router\\index.js:346:12)\n    at next (C:\\Users\\abrao\\OneDrive\\Desktop\\Web\\prime-oil\\server\\node_modules\\express\\lib\\router\\index.js:280:10)\n    at Function.handle (C:\\Users\\abrao\\OneDrive\\Desktop\\Web\\prime-oil\\server\\node_modules\\express\\lib\\router\\index.js:175:3)\n    at router (C:\\Users\\abrao\\OneDrive\\Desktop\\Web\\prime-oil\\server\\node_modules\\express\\lib\\router\\index.js:47:12)\n    at Layer.handle [as handle_request] (C:\\Users\\abrao\\OneDrive\\Desktop\\Web\\prime-oil\\server\\node_modules\\express\\lib\\router\\layer.js:95:5)\n    at trim_prefix (C:\\Users\\abrao\\OneDrive\\Desktop\\Web\\prime-oil\\server\\node_modules\\express\\lib\\router\\index.js:328:13)\n    at C:\\Users\\abrao\\OneDrive\\Desktop\\Web\\prime-oil\\server\\node_modules\\express\\lib\\router\\index.js:286:9\n    at Function.process_params (C:\\Users\\abrao\\OneDrive\\Desktop\\Web\\prime-oil\\server\\node_modules\\express\\lib\\router\\index.js:346:12)\n    at next (C:\\Users\\abrao\\OneDrive\\Desktop\\Web\\prime-oil\\server\\node_modules\\express\\lib\\router\\index.js:280:10)\n    at inventoryOrderWriteLimiter (file:///C:/Users/abrao/OneDrive/Desktop/Web/prime-oil/server/index.js:120:3)\n    at Layer.handle [as handle_request] (C:\\Users\\abrao\\OneDrive\\Desktop\\Web\\prime-oil\\server\\node_modules\\express\\lib\\router\\layer.js:95:5)\n    at trim_prefix (C:\\Users\\abrao\\OneDrive\\Desktop\\Web\\prime-oil\\server\\node_modules\\express\\lib\\router\\index.js:328:13)","statusCode":401,"timestamp":"2026-06-17T07:35:43.861Z"}
{"level":"info","message":"GET /api/products 401 16.587 ms - 2240","timestamp":"2026-06-17T07:35:43.876Z"}
{"ip":"127.0.0.1","level":"error","message":"Unauthorized","method":"GET","path":"/api/shopkeepers","stack":"Error: Unauthorized\n    at authenticate (file:///C:/Users/abrao/OneDrive/Desktop/Web/prime-oil/server/middleware/auth.js:27:17)\n    at Layer.handle [as handle_request] (C:\\Users\\abrao\\OneDrive\\Desktop\\Web\\prime-oil\\server\\node_modules\\express\\lib\\router\\layer.js:95:5)\n    at trim_prefix (C:\\Users\\abrao\\OneDrive\\Desktop\\Web\\prime-oil\\server\\node_modules\\express\\lib\\router\\index.js:328:13)\n    at C:\\Users\\abrao\\OneDrive\\Desktop\\Web\\prime-oil\\server\\node_modules\\express\\lib\\router\\index.js:286:9\n    at Function.process_params (C:\\Users\\abrao\\OneDrive\\Desktop\\Web\\prime-oil\\server\\node_modules\\express\\lib\\router\\index.js:346:12)\n    at next (C:\\Users\\abrao\\OneDrive\\Desktop\\Web\\prime-oil\\server\\node_modules\\express\\lib\\router\\index.js:280:10)\n    at Function.handle (C:\\Users\\abrao\\OneDrive\\Desktop\\Web\\prime-oil\\server\\node_modules\\express\\lib\\router\\index.js:175:3)\n    at router (C:\\Users\\abrao\\OneDrive\\Desktop\\Web\\prime-oil\\server\\node_modules\\express\\lib\\router\\index.js:47:12)\n    at Layer.handle [as handle_request] (C:\\Users\\abrao\\OneDrive\\Desktop\\Web\\prime-oil\\server\\node_modules\\express\\lib\\router\\layer.js:95:5)\n    at trim_prefix (C:\\Users\\abrao\\OneDrive\\Desktop\\Web\\prime-oil\\server\\node_modules\\express\\lib\\router\\index.js:328:13)\n    at C:\\Users\\abrao\\OneDrive\\Desktop\\Web\\prime-oil\\server\\node_modules\\express\\lib\\router\\index.js:286:9\n    at Function.process_params (C:\\Users\\abrao\\OneDrive\\Desktop\\Web\\prime-oil\\server\\node_modules\\express\\lib\\router\\index.js:346:12)\n    at next (C:\\Users\\abrao\\OneDrive\\Desktop\\Web\\prime-oil\\server\\node_modules\\express\\lib\\router\\index.js:280:10)\n    at hpp (C:\\Users\\abrao\\OneDrive\\Desktop\\Web\\prime-oil\\server\\node_modules\\hpp\\lib\\index.js:146:9)\n    at Layer.handle [as handle_request] (C:\\Users\\abrao\\OneDrive\\Desktop\\Web\\prime-oil\\server\\node_modules\\express\\lib\\router\\layer.js:95:5)\n    at trim_prefix (C:\\Users\\abrao\\OneDrive\\Desktop\\Web\\prime-oil\\server\\node_modules\\express\\lib\\router\\index.js:328:13)","statusCode":401,"timestamp":"2026-06-17T07:35:43.899Z"}
{"level":"info","message":"GET /api/shopkeepers 401 22.911 ms - 2241","timestamp":"2026-06-17T07:35:43.926Z"}
{"ip":"127.0.0.1","level":"error","message":"Unauthorized","method":"GET","path":"/api/charts/sales","stack":"Error: Unauthorized\n    at authenticate (file:///C:/Users/abrao/OneDrive/Desktop/Web/prime-oil/server/middleware/auth.js:27:17)\n    at Layer.handle [as handle_request] (C:\\Users\\abrao\\OneDrive\\Desktop\\Web\\prime-oil\\server\\node_modules\\express\\lib\\router\\layer.js:95:5)\n    at trim_prefix (C:\\Users\\abrao\\OneDrive\\Desktop\\Web\\prime-oil\\server\\node_modules\\express\\lib\\router\\index.js:328:13)\n    at C:\\Users\\abrao\\OneDrive\\Desktop\\Web\\prime-oil\\server\\node_modules\\express\\lib\\router\\index.js:286:9\n    at Function.process_params (C:\\Users\\abrao\\OneDrive\\Desktop\\Web\\prime-oil\\server\\node_modules\\express\\lib\\router\\index.js:346:12)\n    at next (C:\\Users\\abrao\\OneDrive\\Desktop\\Web\\prime-oil\\server\\node_modules\\express\\lib\\router\\index.js:280:10)\n    at Function.handle (C:\\Users\\abrao\\OneDrive\\Desktop\\Web\\prime-oil\\server\\node_modules\\express\\lib\\router\\index.js:175:3)\n    at router (C:\\Users\\abrao\\OneDrive\\Desktop\\Web\\prime-oil\\server\\node_modules\\express\\lib\\router\\index.js:47:12)\n    at Layer.handle [as handle_request] (C:\\Users\\abrao\\OneDrive\\Desktop\\Web\\prime-oil\\server\\node_modules\\express\\lib\\router\\layer.js:95:5)\n    at trim_prefix (C:\\Users\\abrao\\OneDrive\\Desktop\\Web\\prime-oil\\server\\node_modules\\express\\lib\\router\\index.js:328:13)\n    at C:\\Users\\abrao\\OneDrive\\Desktop\\Web\\prime-oil\\server\\node_modules\\express\\lib\\router\\index.js:286:9\n    at Function.process_params (C:\\Users\\abrao\\OneDrive\\Desktop\\Web\\prime-oil\\server\\node_modules\\express\\lib\\router\\index.js:346:12)\n    at next (C:\\Users\\abrao\\OneDrive\\Desktop\\Web\\prime-oil\\server\\node_modules\\express\\lib\\router\\index.js:280:10)\n    at hpp (C:\\Users\\abrao\\OneDrive\\Desktop\\Web\\prime-oil\\server\\node_modules\\hpp\\lib\\index.js:146:9)\n    at Layer.handle [as handle_request] (C:\\Users\\abrao\\OneDrive\\Desktop\\Web\\prime-oil\\server\\node_modules\\express\\lib\\router\\layer.js:95:5)\n    at trim_prefix (C:\\Users\\abrao\\OneDrive\\Desktop\\Web\\prime-oil\\server\\node_modules\\express\\lib\\router\\index.js:328:13)","statusCode":401,"timestamp":"2026-06-17T07:35:43.938Z"}
{"level":"info","message":"GET /api/charts/sales 401 20.804 ms - 2241","timestamp":"2026-06-17T07:35:43.958Z"}
{"ip":"127.0.0.1","level":"error","message":"Unauthorized","method":"GET","path":"/api/charts/category","stack":"Error: Unauthorized\n    at authenticate (file:///C:/Users/abrao/OneDrive/Desktop/Web/prime-oil/server/middleware/auth.js:27:17)\n    at Layer.handle [as handle_request] (C:\\Users\\abrao\\OneDrive\\Desktop\\Web\\prime-oil\\server\\node_modules\\express\\lib\\router\\layer.js:95:5)\n    at trim_prefix (C:\\Users\\abrao\\OneDrive\\Desktop\\Web\\prime-oil\\server\\node_modules\\express\\lib\\router\\index.js:328:13)\n    at C:\\Users\\abrao\\OneDrive\\Desktop\\Web\\prime-oil\\server\\node_modules\\express\\lib\\router\\index.js:286:9\n    at Function.process_params (C:\\Users\\abrao\\OneDrive\\Desktop\\Web\\prime-oil\\server\\node_modules\\express\\lib\\router\\index.js:346:12)\n    at next (C:\\Users\\abrao\\OneDrive\\Desktop\\Web\\prime-oil\\server\\node_modules\\express\\lib\\router\\index.js:280:10)\n    at Function.handle (C:\\Users\\abrao\\OneDrive\\Desktop\\Web\\prime-oil\\server\\node_modules\\express\\lib\\router\\index.js:175:3)\n    at router (C:\\Users\\abrao\\OneDrive\\Desktop\\Web\\prime-oil\\server\\node_modules\\express\\lib\\router\\index.js:47:12)\n    at Layer.handle [as handle_request] (C:\\Users\\abrao\\OneDrive\\Desktop\\Web\\prime-oil\\server\\node_modules\\express\\lib\\router\\layer.js:95:5)\n    at trim_prefix (C:\\Users\\abrao\\OneDrive\\Desktop\\Web\\prime-oil\\server\\node_modules\\express\\lib\\router\\index.js:328:13)\n    at C:\\Users\\abrao\\OneDrive\\Desktop\\Web\\prime-oil\\server\\node_modules\\express\\lib\\router\\index.js:286:9\n    at Function.process_params (C:\\Users\\abrao\\OneDrive\\Desktop\\Web\\prime-oil\\server\\node_modules\\express\\lib\\router\\index.js:346:12)\n    at next (C:\\Users\\abrao\\OneDrive\\Desktop\\Web\\prime-oil\\server\\node_modules\\express\\lib\\router\\index.js:280:10)\n    at hpp (C:\\Users\\abrao\\OneDrive\\Desktop\\Web\\prime-oil\\server\\node_modules\\hpp\\lib\\index.js:146:9)\n    at Layer.handle [as handle_request] (C:\\Users\\abrao\\OneDrive\\Desktop\\Web\\prime-oil\\server\\node_modules\\express\\lib\\router\\layer.js:95:5)\n    at trim_prefix (C:\\Users\\abrao\\OneDrive\\Desktop\\Web\\prime-oil\\server\\node_modules\\express\\lib\\router\\index.js:328:13)","statusCode":401,"timestamp":"2026-06-17T07:35:44.142Z"}
{"level":"info","message":"GET /api/charts/category 401 2.376 ms - 2241","timestamp":"2026-06-17T07:35:44.144Z"}
{"ip":"127.0.0.1","level":"error","message":"Unauthorized","method":"GET","path":"/api/orders","stack":"Error: Unauthorized\n    at authenticate (file:///C:/Users/abrao/OneDrive/Desktop/Web/prime-oil/server/middleware/auth.js:27:17)\n    at Layer.handle [as handle_request] (C:\\Users\\abrao\\OneDrive\\Desktop\\Web\\prime-oil\\server\\node_modules\\express\\lib\\router\\layer.js:95:5)\n    at trim_prefix (C:\\Users\\abrao\\OneDrive\\Desktop\\Web\\prime-oil\\server\\node_modules\\express\\lib\\router\\index.js:328:13)\n    at C:\\Users\\abrao\\OneDrive\\Desktop\\Web\\prime-oil\\server\\node_modules\\express\\lib\\router\\index.js:286:9\n    at Function.process_params (C:\\Users\\abrao\\OneDrive\\Desktop\\Web\\prime-oil\\server\\node_modules\\express\\lib\\router\\index.js:346:12)\n    at next (C:\\Users\\abrao\\OneDrive\\Desktop\\Web\\prime-oil\\server\\node_modules\\express\\lib\\router\\index.js:280:10)\n    at Function.handle (C:\\Users\\abrao\\OneDrive\\Desktop\\Web\\prime-oil\\server\\node_modules\\express\\lib\\router\\index.js:175:3)\n    at router (C:\\Users\\abrao\\OneDrive\\Desktop\\Web\\prime-oil\\server\\node_modules\\express\\lib\\router\\index.js:47:12)\n    at Layer.handle [as handle_request] (C:\\Users\\abrao\\OneDrive\\Desktop\\Web\\prime-oil\\server\\node_modules\\express\\lib\\router\\layer.js:95:5)\n    at trim_prefix (C:\\Users\\abrao\\OneDrive\\Desktop\\Web\\prime-oil\\server\\node_modules\\express\\lib\\router\\index.js:328:13)\n    at C:\\Users\\abrao\\OneDrive\\Desktop\\Web\\prime-oil\\server\\node_modules\\express\\lib\\router\\index.js:286:9\n    at Function.process_params (C:\\Users\\abrao\\OneDrive\\Desktop\\Web\\prime-oil\\server\\node_modules\\express\\lib\\router\\index.js:346:12)\n    at next (C:\\Users\\abrao\\OneDrive\\Desktop\\Web\\prime-oil\\server\\node_modules\\express\\lib\\router\\index.js:280:10)\n    at inventoryOrderWriteLimiter (file:///C:/Users/abrao/OneDrive/Desktop/Web/prime-oil/server/index.js:120:3)\n    at Layer.handle [as handle_request] (C:\\Users\\abrao\\OneDrive\\Desktop\\Web\\prime-oil\\server\\node_modules\\express\\lib\\router\\layer.js:95:5)\n    at trim_prefix (C:\\Users\\abrao\\OneDrive\\Desktop\\Web\\prime-oil\\server\\node_modules\\express\\lib\\router\\index.js:328:13)","statusCode":401,"timestamp":"2026-06-17T07:35:49.295Z"}
{"level":"info","message":"GET /api/orders 401 13.173 ms - 2240","timestamp":"2026-06-17T07:35:49.315Z"}
{"ip":"127.0.0.1","level":"error","message":"Unauthorized","method":"GET","path":"/api/products","stack":"Error: Unauthorized\n    at authenticate (file:///C:/Users/abrao/OneDrive/Desktop/Web/prime-oil/server/middleware/auth.js:27:17)\n    at Layer.handle [as handle_request] (C:\\Users\\abrao\\OneDrive\\Desktop\\Web\\prime-oil\\server\\node_modules\\express\\lib\\router\\layer.js:95:5)\n    at trim_prefix (C:\\Users\\abrao\\OneDrive\\Desktop\\Web\\prime-oil\\server\\node_modules\\express\\lib\\router\\index.js:328:13)\n    at C:\\Users\\abrao\\OneDrive\\Desktop\\Web\\prime-oil\\server\\node_modules\\express\\lib\\router\\index.js:286:9\n    at Function.process_params (C:\\Users\\abrao\\OneDrive\\Desktop\\Web\\prime-oil\\server\\node_modules\\express\\lib\\router\\index.js:346:12)\n    at next (C:\\Users\\abrao\\OneDrive\\Desktop\\Web\\prime-oil\\server\\node_modules\\express\\lib\\router\\index.js:280:10)\n    at Function.handle (C:\\Users\\abrao\\OneDrive\\Desktop\\Web\\prime-oil\\server\\node_modules\\express\\lib\\router\\index.js:175:3)\n    at router (C:\\Users\\abrao\\OneDrive\\Desktop\\Web\\prime-oil\\server\\node_modules\\express\\lib\\router\\index.js:47:12)\n    at Layer.handle [as handle_request] (C:\\Users\\abrao\\OneDrive\\Desktop\\Web\\prime-oil\\server\\node_modules\\express\\lib\\router\\layer.js:95:5)\n    at trim_prefix (C:\\Users\\abrao\\OneDrive\\Desktop\\Web\\prime-oil\\server\\node_modules\\express\\lib\\router\\index.js:328:13)\n    at C:\\Users\\abrao\\OneDrive\\Desktop\\Web\\prime-oil\\server\\node_modules\\express\\lib\\router\\index.js:286:9\n    at Function.process_params (C:\\Users\\abrao\\OneDrive\\Desktop\\Web\\prime-oil\\server\\node_modules\\express\\lib\\router\\index.js:346:12)\n    at next (C:\\Users\\abrao\\OneDrive\\Desktop\\Web\\prime-oil\\server\\node_modules\\express\\lib\\router\\index.js:280:10)\n    at inventoryOrderWriteLimiter (file:///C:/Users/abrao/OneDrive/Desktop/Web/prime-oil/server/index.js:120:3)\n    at Layer.handle [as handle_request] (C:\\Users\\abrao\\OneDrive\\Desktop\\Web\\prime-oil\\server\\node_modules\\express\\lib\\router\\layer.js:95:5)\n    at trim_prefix (C:\\Users\\abrao\\OneDrive\\Desktop\\Web\\prime-oil\\server\\node_modules\\express\\lib\\router\\index.js:328:13)","statusCode":401,"timestamp":"2026-06-17T07:35:49.338Z"}
{"level":"info","message":"GET /api/products 401 28.991 ms - 2240","timestamp":"2026-06-17T07:35:49.356Z"}
{"ip":"127.0.0.1","level":"error","message":"Unauthorized","method":"GET","path":"/api/shopkeepers","stack":"Error: Unauthorized\n    at authenticate (file:///C:/Users/abrao/OneDrive/Desktop/Web/prime-oil/server/middleware/auth.js:27:17)\n    at Layer.handle [as handle_request] (C:\\Users\\abrao\\OneDrive\\Desktop\\Web\\prime-oil\\server\\node_modules\\express\\lib\\router\\layer.js:95:5)\n    at trim_prefix (C:\\Users\\abrao\\OneDrive\\Desktop\\Web\\prime-oil\\server\\node_modules\\express\\lib\\router\\index.js:328:13)\n    at C:\\Users\\abrao\\OneDrive\\Desktop\\Web\\prime-oil\\server\\node_modules\\express\\lib\\router\\index.js:286:9\n    at Function.process_params (C:\\Users\\abrao\\OneDrive\\Desktop\\Web\\prime-oil\\server\\node_modules\\express\\lib\\router\\index.js:346:12)\n    at next (C:\\Users\\abrao\\OneDrive\\Desktop\\Web\\prime-oil\\server\\node_modules\\express\\lib\\router\\index.js:280:10)\n    at Function.handle (C:\\Users\\abrao\\OneDrive\\Desktop\\Web\\prime-oil\\server\\node_modules\\express\\lib\\router\\index.js:175:3)\n    at router (C:\\Users\\abrao\\OneDrive\\Desktop\\Web\\prime-oil\\server\\node_modules\\express\\lib\\router\\index.js:47:12)\n    at Layer.handle [as handle_request] (C:\\Users\\abrao\\OneDrive\\Desktop\\Web\\prime-oil\\server\\node_modules\\express\\lib\\router\\layer.js:95:5)\n    at trim_prefix (C:\\Users\\abrao\\OneDrive\\Desktop\\Web\\prime-oil\\server\\node_modules\\express\\lib\\router\\index.js:328:13)\n    at C:\\Users\\abrao\\OneDrive\\Desktop\\Web\\prime-oil\\server\\node_modules\\express\\lib\\router\\index.js:286:9\n    at Function.process_params (C:\\Users\\abrao\\OneDrive\\Desktop\\Web\\prime-oil\\server\\node_modules\\express\\lib\\router\\index.js:346:12)\n    at next (C:\\Users\\abrao\\OneDrive\\Desktop\\Web\\prime-oil\\server\\node_modules\\express\\lib\\router\\index.js:280:10)\n    at hpp (C:\\Users\\abrao\\OneDrive\\Desktop\\Web\\prime-oil\\server\\node_modules\\hpp\\lib\\index.js:146:9)\n    at Layer.handle [as handle_request] (C:\\Users\\abrao\\OneDrive\\Desktop\\Web\\prime-oil\\server\\node_modules\\express\\lib\\router\\layer.js:95:5)\n    at trim_prefix (C:\\Users\\abrao\\OneDrive\\Desktop\\Web\\prime-oil\\server\\node_modules\\express\\lib\\router\\index.js:328:13)","statusCode":401,"timestamp":"2026-06-17T07:35:49.377Z"}
{"level":"info","message":"GET /api/shopkeepers 401 33.151 ms - 2241","timestamp":"2026-06-17T07:35:49.402Z"}
{"ip":"127.0.0.1","level":"error","message":"Unauthorized","method":"GET","path":"/api/payments","stack":"Error: Unauthorized\n    at authenticate (file:///C:/Users/abrao/OneDrive/Desktop/Web/prime-oil/server/middleware/auth.js:27:17)\n    at Layer.handle [as handle_request] (C:\\Users\\abrao\\OneDrive\\Desktop\\Web\\prime-oil\\server\\node_modules\\express\\lib\\router\\layer.js:95:5)\n    at trim_prefix (C:\\Users\\abrao\\OneDrive\\Desktop\\Web\\prime-oil\\server\\node_modules\\express\\lib\\router\\index.js:328:13)\n    at C:\\Users\\abrao\\OneDrive\\Desktop\\Web\\prime-oil\\server\\node_modules\\express\\lib\\router\\index.js:286:9\n    at Function.process_params (C:\\Users\\abrao\\OneDrive\\Desktop\\Web\\prime-oil\\server\\node_modules\\express\\lib\\router\\index.js:346:12)\n    at next (C:\\Users\\abrao\\OneDrive\\Desktop\\Web\\prime-oil\\server\\node_modules\\express\\lib\\router\\index.js:280:10)\n    at Function.handle (C:\\Users\\abrao\\OneDrive\\Desktop\\Web\\prime-oil\\server\\node_modules\\express\\lib\\router\\index.js:175:3)\n    at router (C:\\Users\\abrao\\OneDrive\\Desktop\\Web\\prime-oil\\server\\node_modules\\express\\lib\\router\\index.js:47:12)\n    at Layer.handle [as handle_request] (C:\\Users\\abrao\\OneDrive\\Desktop\\Web\\prime-oil\\server\\node_modules\\express\\lib\\router\\layer.js:95:5)\n    at trim_prefix (C:\\Users\\abrao\\OneDrive\\Desktop\\Web\\prime-oil\\server\\node_modules\\express\\lib\\router\\index.js:328:13)\n    at C:\\Users\\abrao\\OneDrive\\Desktop\\Web\\prime-oil\\server\\node_modules\\express\\lib\\router\\index.js:286:9\n    at Function.process_params (C:\\Users\\abrao\\OneDrive\\Desktop\\Web\\prime-oil\\server\\node_modules\\express\\lib\\router\\index.js:346:12)\n    at next (C:\\Users\\abrao\\OneDrive\\Desktop\\Web\\prime-oil\\server\\node_modules\\express\\lib\\router\\index.js:280:10)\n    at hpp (C:\\Users\\abrao\\OneDrive\\Desktop\\Web\\prime-oil\\server\\node_modules\\hpp\\lib\\index.js:146:9)\n    at Layer.handle [as handle_request] (C:\\Users\\abrao\\OneDrive\\Desktop\\Web\\prime-oil\\server\\node_modules\\express\\lib\\router\\layer.js:95:5)\n    at trim_prefix (C:\\Users\\abrao\\OneDrive\\Desktop\\Web\\prime-oil\\server\\node_modules\\express\\lib\\router\\index.js:328:13)","statusCode":401,"timestamp":"2026-06-17T07:35:53.007Z"}
{"level":"info","message":"GET /api/payments 401 16.159 ms - 2241","timestamp":"2026-06-17T07:35:53.023Z"}
{"ip":"127.0.0.1","level":"error","message":"Unauthorized","method":"GET","path":"/api/orders","stack":"Error: Unauthorized\n    at authenticate (file:///C:/Users/abrao/OneDrive/Desktop/Web/prime-oil/server/middleware/auth.js:27:17)\n    at Layer.handle [as handle_request] (C:\\Users\\abrao\\OneDrive\\Desktop\\Web\\prime-oil\\server\\node_modules\\express\\lib\\router\\layer.js:95:5)\n    at trim_prefix (C:\\Users\\abrao\\OneDrive\\Desktop\\Web\\prime-oil\\server\\node_modules\\express\\lib\\router\\index.js:328:13)\n    at C:\\Users\\abrao\\OneDrive\\Desktop\\Web\\prime-oil\\server\\node_modules\\express\\lib\\router\\index.js:286:9\n    at Function.process_params (C:\\Users\\abrao\\OneDrive\\Desktop\\Web\\prime-oil\\server\\node_modules\\express\\lib\\router\\index.js:346:12)\n    at next (C:\\Users\\abrao\\OneDrive\\Desktop\\Web\\prime-oil\\server\\node_modules\\express\\lib\\router\\index.js:280:10)\n    at Function.handle (C:\\Users\\abrao\\OneDrive\\Desktop\\Web\\prime-oil\\server\\node_modules\\express\\lib\\router\\index.js:175:3)\n    at router (C:\\Users\\abrao\\OneDrive\\Desktop\\Web\\prime-oil\\server\\node_modules\\express\\lib\\router\\index.js:47:12)\n    at Layer.handle [as handle_request] (C:\\Users\\abrao\\OneDrive\\Desktop\\Web\\prime-oil\\server\\node_modules\\express\\lib\\router\\layer.js:95:5)\n    at trim_prefix (C:\\Users\\abrao\\OneDrive\\Desktop\\Web\\prime-oil\\server\\node_modules\\express\\lib\\router\\index.js:328:13)\n    at C:\\Users\\abrao\\OneDrive\\Desktop\\Web\\prime-oil\\server\\node_modules\\express\\lib\\router\\index.js:286:9\n    at Function.process_params (C:\\Users\\abrao\\OneDrive\\Desktop\\Web\\prime-oil\\server\\node_modules\\express\\lib\\router\\index.js:346:12)\n    at next (C:\\Users\\abrao\\OneDrive\\Desktop\\Web\\prime-oil\\server\\node_modules\\express\\lib\\router\\index.js:280:10)\n    at inventoryOrderWriteLimiter (file:///C:/Users/abrao/OneDrive/Desktop/Web/prime-oil/server/index.js:120:3)\n    at Layer.handle [as handle_request] (C:\\Users\\abrao\\OneDrive\\Desktop\\Web\\prime-oil\\server\\node_modules\\express\\lib\\router\\layer.js:95:5)\n    at trim_prefix (C:\\Users\\abrao\\OneDrive\\Desktop\\Web\\prime-oil\\server\\node_modules\\express\\lib\\router\\index.js:328:13)","statusCode":401,"timestamp":"2026-06-17T07:35:53.343Z"}
{"level":"info","message":"GET /api/orders 401 12.265 ms - 2240","timestamp":"2026-06-17T07:35:53.354Z"}
{"level":"info","message":"No REDIS_URI environment variable detected. Running cache in in-memory mode.","timestamp":"2026-06-17T08:03:27.882Z"}
{"level":"info","message":"Firebase Admin SDK initialized successfully ✓","timestamp":"2026-06-17T08:03:53.732Z"}
{"level":"info","message":"MongoDB connected ✓","timestamp":"2026-06-17T08:03:53.870Z"}
{"level":"info","message":"API running on http://localhost:5000","timestamp":"2026-06-17T08:03:53.879Z"}
{"level":"info","message":"No REDIS_URI environment variable detected. Running cache in in-memory mode.","timestamp":"2026-06-17T08:07:29.470Z"}
{"level":"info","message":"Firebase Admin SDK initialized successfully ✓","timestamp":"2026-06-17T08:07:32.560Z"}
{"level":"info","message":"MongoDB connected ✓","timestamp":"2026-06-17T08:07:32.648Z"}
{"level":"info","message":"API running on http://localhost:5000","timestamp":"2026-06-17T08:07:32.655Z"}
{"level":"info","message":"No REDIS_URI environment variable detected. Running cache in in-memory mode.","timestamp":"2026-06-17T08:07:49.740Z"}
{"level":"info","message":"Firebase Admin SDK initialized successfully ✓","timestamp":"2026-06-17T08:07:51.023Z"}
{"level":"info","message":"MongoDB connected ✓","timestamp":"2026-06-17T08:07:51.075Z"}
{"level":"info","message":"API running on http://localhost:5000","timestamp":"2026-06-17T08:07:51.078Z"}
{"level":"info","message":"No REDIS_URI environment variable detected. Running cache in in-memory mode.","timestamp":"2026-06-17T08:07:59.840Z"}
{"level":"info","message":"Firebase Admin SDK initialized successfully ✓","timestamp":"2026-06-17T08:08:01.115Z"}
{"level":"info","message":"MongoDB connected ✓","timestamp":"2026-06-17T08:08:01.165Z"}
{"level":"info","message":"API running on http://localhost:5000","timestamp":"2026-06-17T08:08:01.170Z"}
{"level":"info","message":"No REDIS_URI environment variable detected. Running cache in in-memory mode.","timestamp":"2026-06-17T08:09:04.482Z"}
{"level":"info","message":"Firebase Admin SDK initialized successfully ✓","timestamp":"2026-06-17T08:09:12.237Z"}
{"level":"info","message":"MongoDB connected ✓","timestamp":"2026-06-17T08:09:12.598Z"}
{"level":"info","message":"API running on http://localhost:5000","timestamp":"2026-06-17T08:09:12.613Z"}
{"level":"info","message":"No REDIS_URI environment variable detected. Running cache in in-memory mode.","timestamp":"2026-06-17T08:22:05.681Z"}
{"level":"info","message":"No REDIS_URI environment variable detected. Running cache in in-memory mode.","timestamp":"2026-06-17T08:22:02.886Z"}
{"level":"info","message":"MongoDB connected ✓","timestamp":"2026-06-17T08:22:19.306Z"}
{"level":"info","message":"API running on http://localhost:5000","timestamp":"2026-06-17T08:22:19.332Z"}
{"level":"info","message":"No REDIS_URI environment variable detected. Running cache in in-memory mode.","timestamp":"2026-06-17T08:23:24.043Z"}
{"level":"info","message":"No REDIS_URI environment variable detected. Running cache in in-memory mode.","timestamp":"2026-06-17T08:24:07.520Z"}
